DEBUG 2014-10-28 16:31:00,282: 	 Executing command: 'submit'
DEBUG 2014-10-28 16:31:00,304: 	 Found /cmshome/cristella/.crab3 file
DEBUG 2014-10-28 16:31:00,315: 	 Checking credentials
DEBUG 2014-10-28 16:31:00,315: 	 Found proxy file /tmp/x509up_u50855
DEBUG 2014-10-28 16:31:00,315: 	 Getting proxy life time left
DEBUG 2014-10-28 16:31:01,019: 	 Executing : 
 command : voms-proxy-info -file /tmp/x509up_u50855 -timeleft
 output : 72904

 error: 
 retcode : 0
DEBUG 2014-10-28 16:31:01,723: 	 Executing : 
 command : voms-proxy-info -file /tmp/x509up_u50855 -actimeleft
 output : 72903

 error: 
 retcode : 0
DEBUG 2014-10-28 16:31:01,723: 	 Proxy valid for 20:15:04 hours
INFO 2014-10-28 16:31:01,724: 	 Will use configuration file crabConfig.py
DEBUG 2014-10-28 16:31:01,724: 	 Loading configuration
DEBUG 2014-10-28 16:31:01,954: 	 Executing : 
 command : openssl x509 -in ~/.globus/usercert.pem -subject -noout
 output : subject= /DC=ch/DC=cern/OU=Organic Units/OU=Users/CN=lecriste/CN=716292/CN=Leonardo Cristella

 error: 
 retcode : 0
DEBUG 2014-10-28 16:31:01,955: 	 Checking credentials
DEBUG 2014-10-28 16:31:01,955: 	 Found proxy file /tmp/x509up_u50855
DEBUG 2014-10-28 16:31:01,955: 	 Getting proxy life time left
DEBUG 2014-10-28 16:31:02,659: 	 Executing : 
 command : voms-proxy-info -file /tmp/x509up_u50855 -timeleft
 output : 72902

 error: 
 retcode : 0
DEBUG 2014-10-28 16:31:03,463: 	 Executing : 
 command : voms-proxy-info -file /tmp/x509up_u50855 -actimeleft
 output : 72901

 error: 
 retcode : 0
DEBUG 2014-10-28 16:31:03,463: 	 Proxy valid for 20:15:02 hours
DEBUG 2014-10-28 16:31:04,167: 	 Executing : 
 command : env X509_USER_PROXY=/tmp/x509up_u50855 voms-proxy-info -fqan
 output : /cms/Role=NULL/Capability=NULL

 error: 
 retcode : 0
DEBUG 2014-10-28 16:31:04,586: 	 Registering user credentials for server /DC=ch/DC=cern/OU=computers/CN=vocms(3[136]|21|045|052|021|031).cern.ch
DEBUG 2014-10-28 16:31:04,694: 	 Executing : 
 command : openssl x509 -in ~/.globus/usercert.pem -subject -noout
 output : subject= /DC=ch/DC=cern/OU=Organic Units/OU=Users/CN=lecriste/CN=716292/CN=Leonardo Cristella

 error: 
 retcode : 0
DEBUG 2014-10-28 16:31:04,695: 	 Getting myproxy life time left for myproxy.cern.ch
DEBUG 2014-10-28 16:31:04,695: 	 Calculating hash of /DC=ch/DC=cern/OU=Organic Units/OU=Users/CN=lecriste/CN=716292/CN=Leonardo Cristella_cmsweb.cern.ch for credential name
DEBUG 2014-10-28 16:31:05,399: 	 Executing : 
 command : myproxy-info -l 9bfec98c2e9d83b4748589917a8355766d54453d -s myproxy.cern.ch
 output : username: 9bfec98c2e9d83b4748589917a8355766d54453d
owner: /DC=ch/DC=cern/OU=Organic Units/OU=Users/CN=lecriste/CN=716292/CN=Leonardo Cristella
  renewal policy: /DC=ch/DC=cern/OU=computers/CN=vocms(3[136]|21|045|052|021|031).cern.ch
  trusted retrieval policy: /DC=ch/DC=cern/OU=computers/CN=vocms(3[136]|21|045|052|021|031).cern.ch
  timeleft: 716:18:19  (29.8 days)

 error: 
 retcode : 0
DEBUG 2014-10-28 16:31:05,400: 	 Myproxy is valid: 2578699
DEBUG 2014-10-28 16:31:05,400: 	 Command use: submit
DEBUG 2014-10-28 16:31:05,400: 	 Options use: []
DEBUG 2014-10-28 16:31:05,868: 	 CRABClient version: 3.3.10 Compatible
DEBUG 2014-10-28 16:31:05,868: 	 Instance is prod
DEBUG 2014-10-28 16:31:05,868: 	 Server base url is cmsweb.cern.ch
DEBUG 2014-10-28 16:31:05,869: 	 Command url /crabserver/prod/workflow
DEBUG 2014-10-28 16:31:05,869: 	 Started submission
DEBUG 2014-10-28 16:31:05,869: 	 Working on /cmshome/cristella/work/Z_analysis/exclusive/clean_14ott/CMSSW_5_3_22/src/oneStep/crab_projects/crab_20141028_163101
DEBUG 2014-10-28 16:31:06,487: 	 Found CMSSW_5_3_22 for slc6_amd64_gcc472 with base /cmshome/cristella/work/Z_analysis/exclusive/clean_14ott/CMSSW_5_3_22
DEBUG 2014-10-28 16:31:06,510: 	 UNIQUE NAME: tarUUID 00620610-ae40-4328-b9a9-d7026a591159 
DEBUG 2014-10-28 16:31:06,510: 	 self.config: from WMCore.Configuration import Configuration
config = Configuration()
config.section_('General')
config.General.workArea = 'crab_projects'
config.General.serverUrl = 'cmsweb.cern.ch'
config.section_('JobType')
config.JobType.psetName = 'PYTHIA6_Bd2Psi2SKpi_TuneZ2star_8TeV_cff_py_GEN_SIM_DIGI_L1_DIGI2RAW_HLT_RAW2DIGI_L1Reco_RECO.py'
config.JobType.pluginName = 'PrivateMC'
config.JobType.capath = '/etc/grid-security/certificates/'
config.JobType.proxyfilename = '/tmp/x509up_u50855'
config.JobType.filecacheurl = 'https://cmsweb.cern.ch/crabcache'
config.section_('Data')
config.Data.outlfn = '/store/group/cristella'
config.Data.totalUnits = 5000000
config.Data.unitsPerJob = 5000
config.Data.publishDbsUrl = 'phys03'
config.Data.splitting = 'EventBased'
config.Data.publishDataName = 'MC_generation'
config.Data.primaryDataset = 'Bd2Psi2SKpi'
config.Data.publication = True
config.section_('Site')
config.Site.storageSite = 'T2_IT_Bari'

DEBUG 2014-10-28 16:31:06,510: 	 self.config.JobType.psetName: PYTHIA6_Bd2Psi2SKpi_TuneZ2star_8TeV_cff_py_GEN_SIM_DIGI_L1_DIGI2RAW_HLT_RAW2DIGI_L1Reco_RECO.py
DEBUG 2014-10-28 16:31:06,511: 	 Importing CMSSW config PYTHIA6_Bd2Psi2SKpi_TuneZ2star_8TeV_cff_py_GEN_SIM_DIGI_L1_DIGI2RAW_HLT_RAW2DIGI_L1Reco_RECO.py
DEBUG 2014-10-28 16:31:17,675: 	 The following EDM output files will be collected: ['PYTHIA6_Bd2Psi2SKpi_TuneZ2star_8TeV_cff_py_GEN_SIM_DIGI_L1_DIGI2RAW_HLT_RAW2DIGI_L1Reco_RECO.root']
DEBUG 2014-10-28 16:31:17,675: 	 The following TFile output files will be collected: []
DEBUG 2014-10-28 16:31:17,675: 	 The following user output files will be collected: []
DEBUG 2014-10-28 16:31:17,675: 	 Writing CMSSW config to /cmshome/cristella/work/Z_analysis/exclusive/clean_14ott/CMSSW_5_3_22/src/oneStep/crab_projects/crab_20141028_163101/inputs/CMSSW_cfg.py
DEBUG 2014-10-28 16:31:24,319: 	 Found CMSSW_5_3_22 for slc6_amd64_gcc472 with base /cmshome/cristella/work/Z_analysis/exclusive/clean_14ott/CMSSW_5_3_22
DEBUG 2014-10-28 16:31:24,320: 	 Making tarball in /cmshome/cristella/work/Z_analysis/exclusive/clean_14ott/CMSSW_5_3_22/src/oneStep/crab_projects/crab_20141028_163101/inputs/00620610-ae40-4328-b9a9-d7026a591159default.tgz
DEBUG 2014-10-28 16:31:24,326: 	  checking directory /cmshome/cristella/work/Z_analysis/exclusive/clean_14ott/CMSSW_5_3_22/lib
DEBUG 2014-10-28 16:31:24,326: 	  adding directory /cmshome/cristella/work/Z_analysis/exclusive/clean_14ott/CMSSW_5_3_22/lib to tarball
DEBUG 2014-10-28 16:31:25,160: 	  checking directory /cmshome/cristella/work/Z_analysis/exclusive/clean_14ott/CMSSW_5_3_22/module
DEBUG 2014-10-28 16:31:27,828: 	  adding data directory /cmshome/cristella/work/Z_analysis/exclusive/clean_14ott/CMSSW_5_3_22/src/GeneratorInterface/ExternalDecays/data to tarball
DEBUG 2014-10-28 16:31:28,907: 	 tgz contents: [('lib', 0, 1414422624, 'cristella'), ('lib/slc6_amd64_gcc472', 0, 1414510218, 'cristella'), ('lib/slc6_amd64_gcc472/libAnalysisDataFormatsSUSYBSMObjects.so', 1127395, 1414424334, 'cristella'), ('lib/slc6_amd64_gcc472/pluginUserCodeZ4430FilterPAT.so', 101835, 1414424336, 'cristella'), ('lib/slc6_amd64_gcc472/UserCodeZ4430FilterPAT.edmplugin', 39, 1414424336, 'cristella'), ('lib/slc6_amd64_gcc472/libMuonAnalysisMuonAssociators.so', 204627, 1414424337, 'cristella'), ('lib/slc6_amd64_gcc472/libRecoTrackerDeDx.so', 99782, 1414424337, 'cristella'), ('lib/slc6_amd64_gcc472/pluginAnalysisDataFormatsSUSYBSMObjectsCapabilities.so', 13829, 1414424340, 'cristella'), ('lib/slc6_amd64_gcc472/AnalysisDataFormatsSUSYBSMObjectsCapabilities.edmplugin', 62, 1414424340, 'cristella'), ('lib/slc6_amd64_gcc472/pluginRecoTrackerDeDxPlugins.so', 631152, 1414424340, 'cristella'), ('lib/slc6_amd64_gcc472/RecoTrackerDeDxPlugins.edmplugin', 39, 1414424340, 'cristella'), ('lib/slc6_amd64_gcc472/pluginMuonAnalysisMuonAssociators_plugins.so', 1306772, 1414424342, 'cristella'), ('lib/slc6_amd64_gcc472/MuonAnalysisMuonAssociators_plugins.edmplugin', 52, 1414424342, 'cristella'), ('lib/slc6_amd64_gcc472/pluginMuonAnalysisMuonAssociatorsCapabilities.so', 14861, 1414424342, 'cristella'), ('lib/slc6_amd64_gcc472/MuonAnalysisMuonAssociatorsCapabilities.edmplugin', 56, 1414424342, 'cristella'), ('lib/slc6_amd64_gcc472/.edmplugincache', 9586, 1414510219, 'cristella'), ('lib/slc6_amd64_gcc472/pluginUserCodeMuMuPiKPAT.so', 464760, 1414510214, 'cristella'), ('lib/slc6_amd64_gcc472/UserCodeMuMuPiKPAT.edmplugin', 35, 1414510214, 'cristella'), ('src/GeneratorInterface/ExternalDecays/data', 0, 1414431533, 'cristella'), ('src/GeneratorInterface/ExternalDecays/data/Bd_Psi2SKpi.dec', 495, 1414431569, 'cristella'), ('PSet.py', 101, 1414510284, 'cristella'), ('PSet.pkl', 7829644, 1414510284, 'cristella'), ('debug/originalPSet.py', 8638, 1414433898, 'cristella'), ('debug/crabConfig.py', 943, 1414510288, 'cristella')]
DEBUG 2014-10-28 16:31:28,908: 	 MD5 checksum: 055c7521765184ee83a078bd7f17202a
DEBUG 2014-10-28 16:31:29,025: 	  uploading archive to cache /cmshome/cristella/work/Z_analysis/exclusive/clean_14ott/CMSSW_5_3_22/src/oneStep/crab_projects/crab_20141028_163101/inputs/00620610-ae40-4328-b9a9-d7026a591159default.tgz 
DEBUG 2014-10-28 16:31:30,751: 	 Result uploading input files: ('https://cmsweb.cern.ch/crabcache', '2ec9c3ec81506f7d0594ef3b27be7185ddc03b6b11e03935c2df93b7e540879c.tar.gz', '055c7521765184ee83a078bd7f17202a') 
INFO 2014-10-28 16:31:30,752: 	 Sending the request to the server
DEBUG 2014-10-28 16:31:30,752: 	 Submitting {'lfn': '/store/group/cristella', 'workflow': 'crab_20141028_163101', 'adduserfiles': [], 'savelogsflag': 0, 'publishname': 'MC_generation-055c7521765184ee83a078bd7f17202a', 'ignorelocality': 0, 'nonprodsw': 0, 'tfileoutfiles': [], 'asyncdest': 'T2_IT_Bari', 'oneEventMode': 0, 'algoargs': 5000, 'saveoutput': 1, 'addoutputfiles': [], 'cachefilename': '2ec9c3ec81506f7d0594ef3b27be7185ddc03b6b11e03935c2df93b7e540879c.tar.gz', 'jobarch': 'slc6_amd64_gcc472', 'publication': 1, 'splitalgo': 'EventBased', 'publishdbsurl': 'https://cmsweb.cern.ch/dbs/prod/phys03/DBSWriter', 'jobsw': 'CMSSW_5_3_22', 'dbsurl': 'https://cmsweb.cern.ch/dbs/prod/global/DBSReader', 'totalunits': 5000000, 'edmoutfiles': ['PYTHIA6_Bd2Psi2SKpi_TuneZ2star_8TeV_cff_py_GEN_SIM_DIGI_L1_DIGI2RAW_HLT_RAW2DIGI_L1Reco_RECO.root'], 'cacheurl': 'https://cmsweb.cern.ch/crabcache', 'inputdata': '/Bd2Psi2SKpi', 'jobtype': 'PrivateMC'} 
DEBUG 2014-10-28 16:31:30,753: 	 Encoded submit request: lfn=%2Fstore%2Fgroup%2Fcristella&workflow=crab_20141028_163101&savelogsflag=0&publishname=MC_generation-055c7521765184ee83a078bd7f17202a&ignorelocality=0&nonprodsw=0&asyncdest=T2_IT_Bari&oneEventMode=0&algoargs=5000&saveoutput=1&cachefilename=2ec9c3ec81506f7d0594ef3b27be7185ddc03b6b11e03935c2df93b7e540879c.tar.gz&jobarch=slc6_amd64_gcc472&publication=1&splitalgo=EventBased&publishdbsurl=https%3A%2F%2Fcmsweb.cern.ch%2Fdbs%2Fprod%2Fphys03%2FDBSWriter&jobsw=CMSSW_5_3_22&dbsurl=https%3A%2F%2Fcmsweb.cern.ch%2Fdbs%2Fprod%2Fglobal%2FDBSReader&totalunits=5000000&cacheurl=https%3A%2F%2Fcmsweb.cern.ch%2Fcrabcache&inputdata=%2FBd2Psi2SKpi&jobtype=PrivateMC&edmoutfiles=PYTHIA6_Bd2Psi2SKpi_TuneZ2star_8TeV_cff_py_GEN_SIM_DIGI_L1_DIGI2RAW_HLT_RAW2DIGI_L1Reco_RECO.root
DEBUG 2014-10-28 16:31:31,955: 	 Result: {'result': [{'RequestName': '141028_153131_crab3test-1:lecriste_crab_20141028_163101'}]}
INFO 2014-10-28 16:31:31,977: 	 Success: Your task has been delivered to the CRAB3 server.
INFO 2014-10-28 16:31:31,977: 	 Task name: 141028_153131_crab3test-1:lecriste_crab_20141028_163101
INFO 2014-10-28 16:31:31,977: 	 Please use 'crab status' to check how the submission process proceed
DEBUG 2014-10-28 16:31:31,977: 	 About to return
DEBUG 2014-10-28 16:32:00,638: 	 Executing command: 'status'
DEBUG 2014-10-28 16:32:00,648: 	 Found /cmshome/cristella/.crab3 file
DEBUG 2014-10-28 16:32:00,662: 	 Checking credentials
DEBUG 2014-10-28 16:32:00,663: 	 Found proxy file /tmp/x509up_u50855
DEBUG 2014-10-28 16:32:00,663: 	 Getting proxy life time left
DEBUG 2014-10-28 16:32:01,467: 	 Executing : 
 command : voms-proxy-info -file /tmp/x509up_u50855 -timeleft
 output : 72843

 error: 
 retcode : 0
DEBUG 2014-10-28 16:32:02,171: 	 Executing : 
 command : voms-proxy-info -file /tmp/x509up_u50855 -actimeleft
 output : 72842

 error: 
 retcode : 0
DEBUG 2014-10-28 16:32:02,171: 	 Proxy valid for 20:14:03 hours
DEBUG 2014-10-28 16:32:02,329: 	 Executing : 
 command : openssl x509 -in ~/.globus/usercert.pem -subject -noout
 output : subject= /DC=ch/DC=cern/OU=Organic Units/OU=Users/CN=lecriste/CN=716292/CN=Leonardo Cristella

 error: 
 retcode : 0
DEBUG 2014-10-28 16:32:02,329: 	 Checking credentials
DEBUG 2014-10-28 16:32:02,329: 	 Found proxy file /tmp/x509up_u50855
DEBUG 2014-10-28 16:32:02,329: 	 Getting proxy life time left
DEBUG 2014-10-28 16:32:03,033: 	 Executing : 
 command : voms-proxy-info -file /tmp/x509up_u50855 -timeleft
 output : 72842

 error: 
 retcode : 0
DEBUG 2014-10-28 16:32:03,737: 	 Executing : 
 command : voms-proxy-info -file /tmp/x509up_u50855 -actimeleft
 output : 72841

 error: 
 retcode : 0
DEBUG 2014-10-28 16:32:03,737: 	 Proxy valid for 20:14:02 hours
DEBUG 2014-10-28 16:32:04,441: 	 Executing : 
 command : env X509_USER_PROXY=/tmp/x509up_u50855 voms-proxy-info -fqan
 output : /cms/Role=NULL/Capability=NULL

 error: 
 retcode : 0
DEBUG 2014-10-28 16:32:05,060: 	 Registering user credentials for server /DC=ch/DC=cern/OU=computers/CN=vocms(3[136]|21|045|052|021|031).cern.ch
DEBUG 2014-10-28 16:32:05,169: 	 Executing : 
 command : openssl x509 -in ~/.globus/usercert.pem -subject -noout
 output : subject= /DC=ch/DC=cern/OU=Organic Units/OU=Users/CN=lecriste/CN=716292/CN=Leonardo Cristella

 error: 
 retcode : 0
DEBUG 2014-10-28 16:32:05,169: 	 Getting myproxy life time left for myproxy.cern.ch
DEBUG 2014-10-28 16:32:05,169: 	 Calculating hash of /DC=ch/DC=cern/OU=Organic Units/OU=Users/CN=lecriste/CN=716292/CN=Leonardo Cristella_cmsweb.cern.ch for credential name
DEBUG 2014-10-28 16:32:05,773: 	 Executing : 
 command : myproxy-info -l 9bfec98c2e9d83b4748589917a8355766d54453d -s myproxy.cern.ch
 output : username: 9bfec98c2e9d83b4748589917a8355766d54453d
owner: /DC=ch/DC=cern/OU=Organic Units/OU=Users/CN=lecriste/CN=716292/CN=Leonardo Cristella
  renewal policy: /DC=ch/DC=cern/OU=computers/CN=vocms(3[136]|21|045|052|021|031).cern.ch
  trusted retrieval policy: /DC=ch/DC=cern/OU=computers/CN=vocms(3[136]|21|045|052|021|031).cern.ch
  timeleft: 716:17:19  (29.8 days)

 error: 
 retcode : 0
DEBUG 2014-10-28 16:32:05,774: 	 Myproxy is valid: 2578639
DEBUG 2014-10-28 16:32:05,774: 	 Command use: status
DEBUG 2014-10-28 16:32:05,774: 	 Options use: []
DEBUG 2014-10-28 16:32:06,256: 	 CRABClient version: 3.3.10 Compatible
DEBUG 2014-10-28 16:32:06,256: 	 Instance is prod
DEBUG 2014-10-28 16:32:06,257: 	 Server base url is cmsweb.cern.ch
DEBUG 2014-10-28 16:32:06,257: 	 Command url /crabserver/prod/workflow
DEBUG 2014-10-28 16:32:06,257: 	 Looking up detailed status of task 141028_153131_crab3test-1:lecriste_crab_20141028_163101
DEBUG 2014-10-28 16:32:06,806: 	 {'status': 'QUEUED', 'saveLogs': 'F', 'totalJobdefs': 0, 'jobSetID': '', 'jobsPerStatus': {}, 'taskFailureMsg': '', 'failedJobdefs': 0, 'jobdefErrors': [], 'jobList': []}
INFO 2014-10-28 16:32:06,806: 	 Task name:			141028_153131_crab3test-1:lecriste_crab_20141028_163101
INFO 2014-10-28 16:32:06,807: 	 Task status:			QUEUED
INFO 2014-10-28 16:32:06,807: 	 
ERROR 2014-10-28 16:32:06,807: 	 No publication information available yet
INFO 2014-10-28 16:32:06,807: 	 
No jobs created yet!
DEBUG 2014-10-28 16:33:54,197: 	 Executing command: 'kill'
DEBUG 2014-10-28 16:33:54,199: 	 Found /cmshome/cristella/.crab3 file
DEBUG 2014-10-28 16:33:54,212: 	 Checking credentials
DEBUG 2014-10-28 16:33:54,212: 	 Found proxy file /tmp/x509up_u50855
DEBUG 2014-10-28 16:33:54,212: 	 Getting proxy life time left
DEBUG 2014-10-28 16:33:54,916: 	 Executing : 
 command : voms-proxy-info -file /tmp/x509up_u50855 -timeleft
 output : 72730

 error: 
 retcode : 0
DEBUG 2014-10-28 16:33:55,620: 	 Executing : 
 command : voms-proxy-info -file /tmp/x509up_u50855 -actimeleft
 output : 72729

 error: 
 retcode : 0
DEBUG 2014-10-28 16:33:55,620: 	 Proxy valid for 20:12:10 hours
DEBUG 2014-10-28 16:33:55,820: 	 Executing : 
 command : openssl x509 -in ~/.globus/usercert.pem -subject -noout
 output : subject= /DC=ch/DC=cern/OU=Organic Units/OU=Users/CN=lecriste/CN=716292/CN=Leonardo Cristella

 error: 
 retcode : 0
DEBUG 2014-10-28 16:33:55,820: 	 Checking credentials
DEBUG 2014-10-28 16:33:55,820: 	 Found proxy file /tmp/x509up_u50855
DEBUG 2014-10-28 16:33:55,820: 	 Getting proxy life time left
DEBUG 2014-10-28 16:33:56,524: 	 Executing : 
 command : voms-proxy-info -file /tmp/x509up_u50855 -timeleft
 output : 72728

 error: 
 retcode : 0
DEBUG 2014-10-28 16:33:57,228: 	 Executing : 
 command : voms-proxy-info -file /tmp/x509up_u50855 -actimeleft
 output : 72727

 error: 
 retcode : 0
DEBUG 2014-10-28 16:33:57,228: 	 Proxy valid for 20:12:08 hours
DEBUG 2014-10-28 16:33:57,932: 	 Executing : 
 command : env X509_USER_PROXY=/tmp/x509up_u50855 voms-proxy-info -fqan
 output : /cms/Role=NULL/Capability=NULL

 error: 
 retcode : 0
DEBUG 2014-10-28 16:33:58,236: 	 Registering user credentials for server /DC=ch/DC=cern/OU=computers/CN=vocms(3[136]|21|045|052|021|031).cern.ch
DEBUG 2014-10-28 16:33:58,344: 	 Executing : 
 command : openssl x509 -in ~/.globus/usercert.pem -subject -noout
 output : subject= /DC=ch/DC=cern/OU=Organic Units/OU=Users/CN=lecriste/CN=716292/CN=Leonardo Cristella

 error: 
 retcode : 0
DEBUG 2014-10-28 16:33:58,345: 	 Getting myproxy life time left for myproxy.cern.ch
DEBUG 2014-10-28 16:33:58,345: 	 Calculating hash of /DC=ch/DC=cern/OU=Organic Units/OU=Users/CN=lecriste/CN=716292/CN=Leonardo Cristella_cmsweb.cern.ch for credential name
DEBUG 2014-10-28 16:33:59,149: 	 Executing : 
 command : myproxy-info -l 9bfec98c2e9d83b4748589917a8355766d54453d -s myproxy.cern.ch
 output : username: 9bfec98c2e9d83b4748589917a8355766d54453d
owner: /DC=ch/DC=cern/OU=Organic Units/OU=Users/CN=lecriste/CN=716292/CN=Leonardo Cristella
  renewal policy: /DC=ch/DC=cern/OU=computers/CN=vocms(3[136]|21|045|052|021|031).cern.ch
  trusted retrieval policy: /DC=ch/DC=cern/OU=computers/CN=vocms(3[136]|21|045|052|021|031).cern.ch
  timeleft: 716:15:25  (29.8 days)

 error: 
 retcode : 0
DEBUG 2014-10-28 16:33:59,150: 	 Myproxy is valid: 2578525
DEBUG 2014-10-28 16:33:59,150: 	 Command use: kill
DEBUG 2014-10-28 16:33:59,150: 	 Options use: ['crab_projects/crab_20141028_163101']
DEBUG 2014-10-28 16:33:59,481: 	 CRABClient version: 3.3.10 Compatible
DEBUG 2014-10-28 16:33:59,481: 	 Instance is prod
DEBUG 2014-10-28 16:33:59,481: 	 Server base url is cmsweb.cern.ch
DEBUG 2014-10-28 16:33:59,481: 	 Command url /crabserver/prod/workflow
DEBUG 2014-10-28 16:33:59,481: 	 Killing task 141028_153131_crab3test-1:lecriste_crab_20141028_163101
DEBUG 2014-10-28 16:34:02,773: 	 Result: {'result': [{'result': 'ok'}], 'desc': {'columns': ['tm_taskname', 'panda_jobset_id', 'tm_task_status', 'tm_user_role', 'tm_user_group', 'tm_task_failure', 'tm_split_args', 'panda_resubmitted_jobs', 'tm_save_logs', 'tm_username', 'tm_user_dn', 'tm_arguments', 'tm_input_dataset', 'tm_dbs_url', 'tm_task_warnings', 'tm_publication', 'tm_user_webdir']}}
INFO 2014-10-28 16:34:02,773: 	 Kill request successfully sent
DEBUG 2014-10-28 16:34:50,553: 	 Executing command: 'status'
DEBUG 2014-10-28 16:34:50,564: 	 Found /cmshome/cristella/.crab3 file
DEBUG 2014-10-28 16:34:50,573: 	 Checking credentials
DEBUG 2014-10-28 16:34:50,574: 	 Found proxy file /tmp/x509up_u50855
DEBUG 2014-10-28 16:34:50,574: 	 Getting proxy life time left
DEBUG 2014-10-28 16:34:51,277: 	 Executing : 
 command : voms-proxy-info -file /tmp/x509up_u50855 -timeleft
 output : 72673

 error: 
 retcode : 0
DEBUG 2014-10-28 16:34:51,981: 	 Executing : 
 command : voms-proxy-info -file /tmp/x509up_u50855 -actimeleft
 output : 72673

 error: 
 retcode : 0
DEBUG 2014-10-28 16:34:51,982: 	 Proxy valid for 20:11:13 hours
DEBUG 2014-10-28 16:34:52,138: 	 Executing : 
 command : openssl x509 -in ~/.globus/usercert.pem -subject -noout
 output : subject= /DC=ch/DC=cern/OU=Organic Units/OU=Users/CN=lecriste/CN=716292/CN=Leonardo Cristella

 error: 
 retcode : 0
DEBUG 2014-10-28 16:34:52,138: 	 Checking credentials
DEBUG 2014-10-28 16:34:52,138: 	 Found proxy file /tmp/x509up_u50855
DEBUG 2014-10-28 16:34:52,138: 	 Getting proxy life time left
DEBUG 2014-10-28 16:34:52,842: 	 Executing : 
 command : voms-proxy-info -file /tmp/x509up_u50855 -timeleft
 output : 72672

 error: 
 retcode : 0
DEBUG 2014-10-28 16:34:53,446: 	 Executing : 
 command : voms-proxy-info -file /tmp/x509up_u50855 -actimeleft
 output : 72671

 error: 
 retcode : 0
DEBUG 2014-10-28 16:34:53,446: 	 Proxy valid for 20:11:12 hours
DEBUG 2014-10-28 16:34:54,050: 	 Executing : 
 command : env X509_USER_PROXY=/tmp/x509up_u50855 voms-proxy-info -fqan
 output : /cms/Role=NULL/Capability=NULL

 error: 
 retcode : 0
DEBUG 2014-10-28 16:34:54,406: 	 Registering user credentials for server /DC=ch/DC=cern/OU=computers/CN=vocms(3[136]|21|045|052|021|031).cern.ch
DEBUG 2014-10-28 16:34:54,521: 	 Executing : 
 command : openssl x509 -in ~/.globus/usercert.pem -subject -noout
 output : subject= /DC=ch/DC=cern/OU=Organic Units/OU=Users/CN=lecriste/CN=716292/CN=Leonardo Cristella

 error: 
 retcode : 0
DEBUG 2014-10-28 16:34:54,521: 	 Getting myproxy life time left for myproxy.cern.ch
DEBUG 2014-10-28 16:34:54,521: 	 Calculating hash of /DC=ch/DC=cern/OU=Organic Units/OU=Users/CN=lecriste/CN=716292/CN=Leonardo Cristella_cmsweb.cern.ch for credential name
DEBUG 2014-10-28 16:34:55,125: 	 Executing : 
 command : myproxy-info -l 9bfec98c2e9d83b4748589917a8355766d54453d -s myproxy.cern.ch
 output : username: 9bfec98c2e9d83b4748589917a8355766d54453d
owner: /DC=ch/DC=cern/OU=Organic Units/OU=Users/CN=lecriste/CN=716292/CN=Leonardo Cristella
  renewal policy: /DC=ch/DC=cern/OU=computers/CN=vocms(3[136]|21|045|052|021|031).cern.ch
  trusted retrieval policy: /DC=ch/DC=cern/OU=computers/CN=vocms(3[136]|21|045|052|021|031).cern.ch
  timeleft: 716:14:29  (29.8 days)

 error: 
 retcode : 0
DEBUG 2014-10-28 16:34:55,126: 	 Myproxy is valid: 2578469
DEBUG 2014-10-28 16:34:55,126: 	 Command use: status
DEBUG 2014-10-28 16:34:55,126: 	 Options use: []
DEBUG 2014-10-28 16:34:55,445: 	 CRABClient version: 3.3.10 Compatible
DEBUG 2014-10-28 16:34:55,445: 	 Instance is prod
DEBUG 2014-10-28 16:34:55,445: 	 Server base url is cmsweb.cern.ch
DEBUG 2014-10-28 16:34:55,446: 	 Command url /crabserver/prod/workflow
DEBUG 2014-10-28 16:34:55,446: 	 Looking up detailed status of task 141028_153131_crab3test-1:lecriste_crab_20141028_163101
DEBUG 2014-10-28 16:34:58,676: 	 {'status': 'KILLED', 'totalJobdefs': 0, 'jobSetID': '141028_153131_crab3test-1:lecriste_crab_20141028_163101', 'publication': {}, 'jobsPerStatus': {'idle': 197, 'running': 3, 'unsubmitted': 800}, 'taskFailureMsg': '', 'failedJobdefs': 0, 'ASOURL': 'https://cmsweb.cern.ch/couchdb', 'jobList': [['unsubmitted', 344], ['unsubmitted', 345], ['unsubmitted', 346], ['unsubmitted', 347], ['unsubmitted', 340], ['unsubmitted', 341], ['unsubmitted', 342], ['unsubmitted', 343], ['unsubmitted', 810], ['unsubmitted', 811], ['unsubmitted', 812], ['unsubmitted', 813], ['unsubmitted', 348], ['unsubmitted', 349], ['unsubmitted', 816], ['unsubmitted', 817], ['unsubmitted', 595], ['unsubmitted', 719], ['unsubmitted', 718], ['unsubmitted', 717], ['unsubmitted', 716], ['unsubmitted', 715], ['unsubmitted', 714], ['unsubmitted', 713], ['unsubmitted', 712], ['unsubmitted', 711], ['unsubmitted', 710], ['unsubmitted', 915], ['unsubmitted', 914], ['unsubmitted', 606], ['unsubmitted', 917], ['unsubmitted', 594], ['unsubmitted', 736], ['unsubmitted', 916], ['unsubmitted', 911], ['unsubmitted', 619], ['unsubmitted', 910], ['unsubmitted', 913], ['unsubmitted', 298], ['unsubmitted', 299], ['unsubmitted', 296], ['unsubmitted', 297], ['unsubmitted', 294], ['unsubmitted', 295], ['unsubmitted', 292], ['unsubmitted', 293], ['unsubmitted', 290], ['unsubmitted', 291], ['unsubmitted', 591], ['unsubmitted', 590], ['unsubmitted', 593], ['unsubmitted', 592], ['idle', 199], ['idle', 198], ['unsubmitted', 597], ['unsubmitted', 596], ['idle', 195], ['idle', 194], ['idle', 197], ['idle', 196], ['idle', 191], ['idle', 190], ['idle', 193], ['idle', 192], ['unsubmitted', 270], ['unsubmitted', 271], ['unsubmitted', 272], ['unsubmitted', 273], ['unsubmitted', 274], ['unsubmitted', 275], ['unsubmitted', 276], ['unsubmitted', 277], ['unsubmitted', 278], ['unsubmitted', 279], ['unsubmitted', 738], ['unsubmitted', 524], ['unsubmitted', 525], ['unsubmitted', 526], ['unsubmitted', 527], ['unsubmitted', 520], ['unsubmitted', 521], ['unsubmitted', 522], ['unsubmitted', 523], ['unsubmitted', 599], ['unsubmitted', 528], ['unsubmitted', 529], ['unsubmitted', 994], ['unsubmitted', 449], ['unsubmitted', 448], ['unsubmitted', 443], ['unsubmitted', 442], ['unsubmitted', 441], ['unsubmitted', 440], ['unsubmitted', 447], ['unsubmitted', 446], ['unsubmitted', 445], ['unsubmitted', 444], ['idle', 108], ['idle', 109], ['idle', 102], ['idle', 103], ['idle', 100], ['idle', 101], ['idle', 106], ['idle', 107], ['idle', 104], ['idle', 105], ['unsubmitted', 902], ['unsubmitted', 903], ['idle', 39], ['idle', 38], ['unsubmitted', 906], ['unsubmitted', 907], ['unsubmitted', 904], ['unsubmitted', 905], ['idle', 33], ['idle', 32], ['idle', 31], ['idle', 30], ['idle', 37], ['idle', 36], ['idle', 35], ['idle', 34], ['unsubmitted', 641], ['unsubmitted', 640], ['unsubmitted', 643], ['unsubmitted', 642], ['unsubmitted', 645], ['unsubmitted', 644], ['unsubmitted', 438], ['unsubmitted', 439], ['unsubmitted', 436], ['unsubmitted', 437], ['unsubmitted', 434], ['unsubmitted', 435], ['unsubmitted', 432], ['unsubmitted', 433], ['unsubmitted', 430], ['unsubmitted', 431], ['unsubmitted', 339], ['unsubmitted', 338], ['unsubmitted', 335], ['unsubmitted', 334], ['unsubmitted', 337], ['unsubmitted', 336], ['unsubmitted', 331], ['unsubmitted', 330], ['unsubmitted', 333], ['unsubmitted', 332], ['unsubmitted', 744], ['unsubmitted', 1000], ['unsubmitted', 745], ['unsubmitted', 854], ['unsubmitted', 818], ['unsubmitted', 856], ['unsubmitted', 857], ['unsubmitted', 850], ['unsubmitted', 851], ['unsubmitted', 852], ['unsubmitted', 819], ['unsubmitted', 858], ['unsubmitted', 859], ['unsubmitted', 748], ['idle', 6], ['unsubmitted', 900], ['unsubmitted', 848], ['idle', 99], ['idle', 98], ['unsubmitted', 844], ['idle', 91], ['idle', 90], ['idle', 93], ['idle', 92], ['running', 95], ['idle', 94], ['idle', 97], ['idle', 96], ['unsubmitted', 814], ['unsubmitted', 815], ['unsubmitted', 740], ['unsubmitted', 741], ['unsubmitted', 742], ['unsubmitted', 743], ['unsubmitted', 559], ['unsubmitted', 558], ['unsubmitted', 746], ['unsubmitted', 747], ['unsubmitted', 555], ['unsubmitted', 554], ['unsubmitted', 557], ['unsubmitted', 556], ['unsubmitted', 551], ['unsubmitted', 550], ['unsubmitted', 553], ['unsubmitted', 552], ['unsubmitted', 238], ['unsubmitted', 239], ['unsubmitted', 234], ['unsubmitted', 235], ['unsubmitted', 236], ['unsubmitted', 237], ['unsubmitted', 230], ['unsubmitted', 231], ['unsubmitted', 232], ['unsubmitted', 233], ['unsubmitted', 992], ['idle', 1], ['unsubmitted', 614], ['idle', 146], ['idle', 147], ['idle', 144], ['idle', 145], ['idle', 142], ['idle', 143], ['idle', 140], ['idle', 141], ['unsubmitted', 612], ['unsubmitted', 613], ['unsubmitted', 610], ['unsubmitted', 611], ['unsubmitted', 616], ['unsubmitted', 617], ['idle', 148], ['idle', 149], ['unsubmitted', 912], ['unsubmitted', 951], ['unsubmitted', 948], ['unsubmitted', 949], ['unsubmitted', 946], ['unsubmitted', 947], ['unsubmitted', 944], ['unsubmitted', 945], ['unsubmitted', 942], ['unsubmitted', 943], ['unsubmitted', 940], ['unsubmitted', 941], ['unsubmitted', 768], ['unsubmitted', 689], ['unsubmitted', 688], ['unsubmitted', 685], ['unsubmitted', 684], ['unsubmitted', 687], ['unsubmitted', 686], ['unsubmitted', 681], ['unsubmitted', 680], ['unsubmitted', 683], ['unsubmitted', 682], ['unsubmitted', 623], ['unsubmitted', 622], ['idle', 133], ['idle', 132], ['idle', 131], ['idle', 130], ['idle', 137], ['idle', 136], ['idle', 135], ['idle', 134], ['unsubmitted', 494], ['unsubmitted', 495], ['idle', 139], ['idle', 138], ['unsubmitted', 490], ['unsubmitted', 491], ['unsubmitted', 492], ['unsubmitted', 493], ['idle', 24], ['idle', 25], ['idle', 26], ['idle', 27], ['idle', 20], ['idle', 21], ['idle', 22], ['idle', 23], ['unsubmitted', 927], ['idle', 28], ['idle', 29], ['unsubmitted', 407], ['unsubmitted', 406], ['unsubmitted', 405], ['unsubmitted', 404], ['unsubmitted', 403], ['unsubmitted', 402], ['unsubmitted', 401], ['unsubmitted', 400], ['unsubmitted', 933], ['unsubmitted', 932], ['unsubmitted', 931], ['unsubmitted', 930], ['unsubmitted', 937], ['unsubmitted', 629], ['unsubmitted', 409], ['unsubmitted', 408], ['unsubmitted', 628], ['unsubmitted', 758], ['unsubmitted', 379], ['unsubmitted', 378], ['unsubmitted', 829], ['unsubmitted', 828], ['unsubmitted', 371], ['unsubmitted', 370], ['unsubmitted', 373], ['unsubmitted', 372], ['unsubmitted', 375], ['unsubmitted', 374], ['unsubmitted', 377], ['unsubmitted', 376], ['unsubmitted', 708], ['unsubmitted', 709], ['unsubmitted', 704], ['unsubmitted', 705], ['unsubmitted', 706], ['unsubmitted', 707], ['unsubmitted', 700], ['unsubmitted', 618], ['unsubmitted', 702], ['unsubmitted', 703], ['unsubmitted', 393], ['unsubmitted', 392], ['idle', 88], ['idle', 89], ['unsubmitted', 397], ['unsubmitted', 396], ['unsubmitted', 395], ['unsubmitted', 394], ['idle', 82], ['idle', 83], ['idle', 80], ['idle', 81], ['idle', 86], ['idle', 87], ['idle', 84], ['idle', 85], ['unsubmitted', 797], ['unsubmitted', 796], ['unsubmitted', 795], ['unsubmitted', 794], ['unsubmitted', 793], ['unsubmitted', 792], ['unsubmitted', 791], ['unsubmitted', 790], ['unsubmitted', 799], ['unsubmitted', 798], ['idle', 7], ['unsubmitted', 601], ['unsubmitted', 607], ['unsubmitted', 586], ['unsubmitted', 587], ['unsubmitted', 584], ['unsubmitted', 585], ['unsubmitted', 582], ['unsubmitted', 583], ['unsubmitted', 580], ['unsubmitted', 581], ['unsubmitted', 588], ['unsubmitted', 589], ['unsubmitted', 245], ['unsubmitted', 244], ['unsubmitted', 247], ['unsubmitted', 246], ['unsubmitted', 241], ['unsubmitted', 240], ['unsubmitted', 243], ['unsubmitted', 242], ['unsubmitted', 615], ['unsubmitted', 249], ['unsubmitted', 248], ['unsubmitted', 924], ['unsubmitted', 970], ['unsubmitted', 925], ['unsubmitted', 519], ['unsubmitted', 518], ['unsubmitted', 926], ['unsubmitted', 511], ['unsubmitted', 510], ['unsubmitted', 513], ['unsubmitted', 512], ['unsubmitted', 515], ['unsubmitted', 514], ['unsubmitted', 517], ['unsubmitted', 516], ['unsubmitted', 458], ['unsubmitted', 459], ['unsubmitted', 621], ['unsubmitted', 620], ['unsubmitted', 627], ['unsubmitted', 626], ['unsubmitted', 625], ['unsubmitted', 624], ['unsubmitted', 450], ['unsubmitted', 451], ['unsubmitted', 452], ['unsubmitted', 453], ['unsubmitted', 454], ['unsubmitted', 455], ['unsubmitted', 456], ['unsubmitted', 457], ['unsubmitted', 979], ['idle', 179], ['idle', 178], ['idle', 177], ['idle', 176], ['idle', 175], ['idle', 174], ['idle', 173], ['idle', 172], ['idle', 171], ['idle', 170], ['unsubmitted', 977], ['unsubmitted', 656], ['unsubmitted', 975], ['unsubmitted', 974], ['unsubmitted', 973], ['unsubmitted', 972], ['unsubmitted', 971], ['unsubmitted', 657], ['unsubmitted', 654], ['unsubmitted', 253], ['unsubmitted', 978], ['idle', 182], ['idle', 183], ['idle', 180], ['idle', 181], ['idle', 186], ['idle', 187], ['idle', 184], ['idle', 185], ['unsubmitted', 886], ['unsubmitted', 652], ['idle', 188], ['idle', 189], ['unsubmitted', 658], ['unsubmitted', 653], ['unsubmitted', 650], ['unsubmitted', 651], ['unsubmitted', 764], ['running', 11], ['idle', 10], ['idle', 13], ['idle', 12], ['idle', 15], ['idle', 14], ['idle', 17], ['idle', 16], ['idle', 19], ['idle', 18], ['unsubmitted', 863], ['unsubmitted', 862], ['unsubmitted', 865], ['unsubmitted', 864], ['unsubmitted', 867], ['unsubmitted', 866], ['unsubmitted', 884], ['unsubmitted', 938], ['unsubmitted', 659], ['unsubmitted', 883], ['unsubmitted', 753], ['unsubmitted', 881], ['unsubmitted', 880], ['unsubmitted', 887], ['unsubmitted', 831], ['unsubmitted', 885], ['unsubmitted', 752], ['unsubmitted', 928], ['idle', 62], ['unsubmitted', 888], ['unsubmitted', 950], ['unsubmitted', 756], ['unsubmitted', 929], ['unsubmitted', 809], ['unsubmitted', 322], ['unsubmitted', 323], ['unsubmitted', 320], ['unsubmitted', 321], ['unsubmitted', 326], ['unsubmitted', 327], ['unsubmitted', 324], ['unsubmitted', 325], ['unsubmitted', 328], ['unsubmitted', 329], ['unsubmitted', 759], ['unsubmitted', 201], ['idle', 200], ['unsubmitted', 203], ['unsubmitted', 202], ['unsubmitted', 205], ['unsubmitted', 204], ['unsubmitted', 207], ['unsubmitted', 206], ['unsubmitted', 209], ['unsubmitted', 208], ['unsubmitted', 779], ['unsubmitted', 778], ['unsubmitted', 889], ['idle', 77], ['idle', 76], ['idle', 75], ['idle', 74], ['idle', 73], ['idle', 72], ['idle', 71], ['idle', 70], ['unsubmitted', 655], ['idle', 79], ['idle', 78], ['idle', 2], ['unsubmitted', 805], ['unsubmitted', 804], ['unsubmitted', 669], ['unsubmitted', 668], ['unsubmitted', 667], ['unsubmitted', 666], ['unsubmitted', 665], ['unsubmitted', 664], ['unsubmitted', 663], ['unsubmitted', 662], ['unsubmitted', 661], ['unsubmitted', 660], ['unsubmitted', 769], ['unsubmitted', 692], ['unsubmitted', 693], ['unsubmitted', 690], ['unsubmitted', 691], ['unsubmitted', 696], ['unsubmitted', 697], ['unsubmitted', 694], ['unsubmitted', 695], ['unsubmitted', 698], ['unsubmitted', 699], ['unsubmitted', 542], ['unsubmitted', 543], ['unsubmitted', 540], ['unsubmitted', 541], ['unsubmitted', 546], ['unsubmitted', 547], ['unsubmitted', 544], ['unsubmitted', 545], ['idle', 8], ['unsubmitted', 548], ['unsubmitted', 549], ['idle', 68], ['unsubmitted', 598], ['unsubmitted', 995], ['unsubmitted', 869], ['unsubmitted', 997], ['unsubmitted', 996], ['unsubmitted', 991], ['unsubmitted', 990], ['unsubmitted', 993], ['unsubmitted', 868], ['unsubmitted', 999], ['unsubmitted', 998], ['idle', 120], ['idle', 121], ['idle', 122], ['idle', 123], ['idle', 124], ['idle', 125], ['idle', 126], ['idle', 127], ['idle', 128], ['idle', 129], ['unsubmitted', 765], ['unsubmitted', 414], ['unsubmitted', 415], ['unsubmitted', 416], ['unsubmitted', 417], ['unsubmitted', 410], ['unsubmitted', 411], ['unsubmitted', 412], ['unsubmitted', 413], ['unsubmitted', 920], ['unsubmitted', 498], ['unsubmitted', 922], ['unsubmitted', 923], ['unsubmitted', 418], ['unsubmitted', 419], ['unsubmitted', 776], ['unsubmitted', 499], ['unsubmitted', 319], ['unsubmitted', 318], ['unsubmitted', 313], ['unsubmitted', 312], ['unsubmitted', 311], ['unsubmitted', 310], ['unsubmitted', 317], ['unsubmitted', 316], ['unsubmitted', 315], ['unsubmitted', 314], ['unsubmitted', 861], ['unsubmitted', 921], ['unsubmitted', 496], ['unsubmitted', 832], ['unsubmitted', 833], ['unsubmitted', 830], ['unsubmitted', 497], ['unsubmitted', 836], ['unsubmitted', 837], ['unsubmitted', 834], ['unsubmitted', 835], ['unsubmitted', 838], ['unsubmitted', 839], ['unsubmitted', 808], ['idle', 3], ['unsubmitted', 725], ['unsubmitted', 368], ['unsubmitted', 369], ['unsubmitted', 366], ['unsubmitted', 367], ['unsubmitted', 364], ['unsubmitted', 365], ['unsubmitted', 362], ['unsubmitted', 363], ['unsubmitted', 360], ['unsubmitted', 361], ['unsubmitted', 959], ['unsubmitted', 952], ['unsubmitted', 882], ['unsubmitted', 380], ['unsubmitted', 381], ['unsubmitted', 382], ['unsubmitted', 383], ['unsubmitted', 384], ['unsubmitted', 385], ['unsubmitted', 386], ['unsubmitted', 387], ['unsubmitted', 388], ['unsubmitted', 389], ['unsubmitted', 784], ['unsubmitted', 785], ['unsubmitted', 786], ['unsubmitted', 787], ['unsubmitted', 780], ['unsubmitted', 781], ['unsubmitted', 782], ['unsubmitted', 783], ['unsubmitted', 788], ['unsubmitted', 789], ['unsubmitted', 860], ['unsubmitted', 605], ['unsubmitted', 579], ['unsubmitted', 578], ['unsubmitted', 604], ['unsubmitted', 573], ['unsubmitted', 572], ['unsubmitted', 571], ['unsubmitted', 570], ['unsubmitted', 577], ['unsubmitted', 576], ['unsubmitted', 575], ['unsubmitted', 574], ['idle', 60], ['idle', 61], ['unsubmitted', 258], ['unsubmitted', 259], ['idle', 64], ['idle', 65], ['idle', 66], ['idle', 67], ['unsubmitted', 252], ['idle', 69], ['unsubmitted', 250], ['unsubmitted', 251], ['unsubmitted', 256], ['unsubmitted', 257], ['unsubmitted', 254], ['unsubmitted', 255], ['unsubmitted', 603], ['unsubmitted', 602], ['unsubmitted', 939], ['unsubmitted', 731], ['unsubmitted', 730], ['unsubmitted', 733], ['unsubmitted', 732], ['unsubmitted', 735], ['unsubmitted', 734], ['unsubmitted', 508], ['unsubmitted', 509], ['unsubmitted', 506], ['unsubmitted', 507], ['unsubmitted', 504], ['unsubmitted', 505], ['unsubmitted', 502], ['unsubmitted', 503], ['unsubmitted', 500], ['unsubmitted', 501], ['unsubmitted', 630], ['unsubmitted', 631], ['unsubmitted', 632], ['unsubmitted', 633], ['unsubmitted', 469], ['unsubmitted', 468], ['unsubmitted', 636], ['unsubmitted', 637], ['unsubmitted', 465], ['unsubmitted', 464], ['unsubmitted', 467], ['unsubmitted', 466], ['unsubmitted', 461], ['unsubmitted', 460], ['unsubmitted', 463], ['unsubmitted', 462], ['unsubmitted', 901], ['idle', 168], ['idle', 169], ['idle', 164], ['idle', 165], ['idle', 166], ['idle', 167], ['idle', 160], ['idle', 161], ['idle', 162], ['idle', 163], ['unsubmitted', 964], ['unsubmitted', 965], ['unsubmitted', 966], ['unsubmitted', 967], ['unsubmitted', 960], ['unsubmitted', 961], ['unsubmitted', 962], ['unsubmitted', 963], ['unsubmitted', 968], ['unsubmitted', 969], ['unsubmitted', 936], ['unsubmitted', 935], ['unsubmitted', 934], ['unsubmitted', 908], ['unsubmitted', 909], ['unsubmitted', 600], ['unsubmitted', 878], ['unsubmitted', 879], ['unsubmitted', 876], ['unsubmitted', 877], ['unsubmitted', 874], ['unsubmitted', 875], ['unsubmitted', 872], ['unsubmitted', 873], ['unsubmitted', 870], ['unsubmitted', 871], ['idle', 9], ['unsubmitted', 890], ['unsubmitted', 891], ['unsubmitted', 892], ['unsubmitted', 893], ['unsubmitted', 894], ['unsubmitted', 647], ['unsubmitted', 896], ['unsubmitted', 897], ['unsubmitted', 898], ['unsubmitted', 899], ['unsubmitted', 646], ['unsubmitted', 649], ['unsubmitted', 648], ['unsubmitted', 357], ['unsubmitted', 356], ['unsubmitted', 355], ['unsubmitted', 354], ['unsubmitted', 353], ['unsubmitted', 352], ['unsubmitted', 351], ['unsubmitted', 350], ['unsubmitted', 803], ['unsubmitted', 802], ['unsubmitted', 801], ['unsubmitted', 800], ['unsubmitted', 807], ['unsubmitted', 806], ['unsubmitted', 359], ['unsubmitted', 358], ['unsubmitted', 216], ['unsubmitted', 217], ['unsubmitted', 214], ['unsubmitted', 215], ['unsubmitted', 212], ['unsubmitted', 213], ['unsubmitted', 210], ['unsubmitted', 211], ['unsubmitted', 762], ['unsubmitted', 763], ['unsubmitted', 760], ['unsubmitted', 761], ['unsubmitted', 766], ['unsubmitted', 767], ['unsubmitted', 218], ['unsubmitted', 219], ['unsubmitted', 957], ['unsubmitted', 956], ['unsubmitted', 289], ['unsubmitted', 288], ['idle', 4], ['unsubmitted', 281], ['unsubmitted', 280], ['unsubmitted', 283], ['unsubmitted', 282], ['unsubmitted', 285], ['unsubmitted', 284], ['unsubmitted', 287], ['unsubmitted', 286], ['unsubmitted', 678], ['unsubmitted', 679], ['unsubmitted', 674], ['unsubmitted', 675], ['unsubmitted', 676], ['unsubmitted', 677], ['unsubmitted', 670], ['unsubmitted', 671], ['unsubmitted', 672], ['unsubmitted', 673], ['unsubmitted', 263], ['unsubmitted', 262], ['unsubmitted', 261], ['unsubmitted', 260], ['unsubmitted', 267], ['unsubmitted', 266], ['unsubmitted', 265], ['unsubmitted', 264], ['unsubmitted', 269], ['unsubmitted', 268], ['unsubmitted', 701], ['idle', 59], ['idle', 58], ['idle', 55], ['idle', 54], ['idle', 57], ['idle', 56], ['idle', 51], ['idle', 50], ['idle', 53], ['idle', 52], ['unsubmitted', 537], ['unsubmitted', 536], ['unsubmitted', 535], ['running', 63], ['unsubmitted', 533], ['unsubmitted', 532], ['unsubmitted', 531], ['unsubmitted', 530], ['unsubmitted', 539], ['unsubmitted', 538], ['unsubmitted', 987], ['unsubmitted', 775], ['unsubmitted', 988], ['unsubmitted', 989], ['unsubmitted', 774], ['unsubmitted', 982], ['unsubmitted', 983], ['unsubmitted', 980], ['unsubmitted', 981], ['unsubmitted', 986], ['unsubmitted', 777], ['unsubmitted', 984], ['unsubmitted', 985], ['idle', 115], ['idle', 114], ['idle', 117], ['idle', 116], ['idle', 111], ['idle', 110], ['idle', 113], ['idle', 112], ['unsubmitted', 771], ['idle', 119], ['idle', 118], ['unsubmitted', 770], ['unsubmitted', 773], ['unsubmitted', 772], ['unsubmitted', 953], ['unsubmitted', 429], ['unsubmitted', 428], ['unsubmitted', 534], ['unsubmitted', 919], ['unsubmitted', 918], ['unsubmitted', 421], ['unsubmitted', 420], ['unsubmitted', 423], ['unsubmitted', 422], ['unsubmitted', 425], ['unsubmitted', 424], ['unsubmitted', 427], ['unsubmitted', 426], ['unsubmitted', 308], ['unsubmitted', 309], ['unsubmitted', 855], ['unsubmitted', 300], ['unsubmitted', 301], ['unsubmitted', 302], ['unsubmitted', 303], ['unsubmitted', 304], ['unsubmitted', 305], ['unsubmitted', 306], ['unsubmitted', 307], ['unsubmitted', 895], ['unsubmitted', 825], ['unsubmitted', 824], ['unsubmitted', 827], ['unsubmitted', 847], ['unsubmitted', 846], ['unsubmitted', 845], ['unsubmitted', 826], ['unsubmitted', 843], ['unsubmitted', 842], ['unsubmitted', 841], ['unsubmitted', 840], ['unsubmitted', 821], ['unsubmitted', 853], ['unsubmitted', 849], ['unsubmitted', 820], ['unsubmitted', 823], ['unsubmitted', 822], ['unsubmitted', 954], ['unsubmitted', 568], ['unsubmitted', 569], ['unsubmitted', 751], ['unsubmitted', 750], ['unsubmitted', 757], ['unsubmitted', 737], ['unsubmitted', 755], ['unsubmitted', 754], ['unsubmitted', 560], ['unsubmitted', 561], ['unsubmitted', 562], ['unsubmitted', 563], ['unsubmitted', 564], ['unsubmitted', 565], ['unsubmitted', 566], ['unsubmitted', 567], ['unsubmitted', 739], ['unsubmitted', 229], ['unsubmitted', 228], ['unsubmitted', 227], ['unsubmitted', 226], ['unsubmitted', 225], ['unsubmitted', 224], ['unsubmitted', 223], ['unsubmitted', 222], ['unsubmitted', 221], ['unsubmitted', 220], ['unsubmitted', 391], ['unsubmitted', 726], ['unsubmitted', 727], ['unsubmitted', 724], ['unsubmitted', 390], ['unsubmitted', 722], ['unsubmitted', 723], ['unsubmitted', 720], ['unsubmitted', 721], ['unsubmitted', 728], ['unsubmitted', 729], ['idle', 151], ['idle', 150], ['idle', 153], ['idle', 152], ['idle', 155], ['idle', 154], ['idle', 157], ['idle', 156], ['idle', 159], ['idle', 158], ['unsubmitted', 609], ['unsubmitted', 608], ['unsubmitted', 976], ['unsubmitted', 634], ['unsubmitted', 399], ['unsubmitted', 635], ['unsubmitted', 749], ['unsubmitted', 958], ['unsubmitted', 398], ['idle', 48], ['idle', 49], ['idle', 46], ['idle', 47], ['idle', 44], ['idle', 45], ['idle', 42], ['idle', 43], ['idle', 40], ['idle', 41], ['unsubmitted', 638], ['idle', 5], ['unsubmitted', 639], ['unsubmitted', 489], ['unsubmitted', 488], ['unsubmitted', 487], ['unsubmitted', 486], ['unsubmitted', 485], ['unsubmitted', 484], ['unsubmitted', 483], ['unsubmitted', 482], ['unsubmitted', 481], ['unsubmitted', 480], ['unsubmitted', 955], ['unsubmitted', 472], ['unsubmitted', 473], ['unsubmitted', 470], ['unsubmitted', 471], ['unsubmitted', 476], ['unsubmitted', 477], ['unsubmitted', 474], ['unsubmitted', 475], ['unsubmitted', 478], ['unsubmitted', 479]], 'jobs': {'344': {'State': 'unsubmitted'}, '345': {'State': 'unsubmitted'}, '346': {'State': 'unsubmitted'}, '347': {'State': 'unsubmitted'}, '340': {'State': 'unsubmitted'}, '341': {'State': 'unsubmitted'}, '342': {'State': 'unsubmitted'}, '343': {'State': 'unsubmitted'}, '810': {'State': 'unsubmitted'}, '811': {'State': 'unsubmitted'}, '812': {'State': 'unsubmitted'}, '813': {'State': 'unsubmitted'}, '348': {'State': 'unsubmitted'}, '349': {'State': 'unsubmitted'}, '816': {'State': 'unsubmitted'}, '817': {'State': 'unsubmitted'}, '737': {'State': 'unsubmitted'}, '719': {'State': 'unsubmitted'}, '718': {'State': 'unsubmitted'}, '717': {'State': 'unsubmitted'}, '716': {'State': 'unsubmitted'}, '715': {'State': 'unsubmitted'}, '714': {'State': 'unsubmitted'}, '713': {'State': 'unsubmitted'}, '712': {'State': 'unsubmitted'}, '711': {'State': 'unsubmitted'}, '710': {'State': 'unsubmitted'}, '421': {'State': 'unsubmitted'}, '129': {'State': 'idle'}, '420': {'State': 'unsubmitted'}, '423': {'State': 'unsubmitted'}, '422': {'State': 'unsubmitted'}, '425': {'State': 'unsubmitted'}, '619': {'State': 'unsubmitted'}, '424': {'State': 'unsubmitted'}, '427': {'State': 'unsubmitted'}, '298': {'State': 'unsubmitted'}, '299': {'State': 'unsubmitted'}, '296': {'State': 'unsubmitted'}, '297': {'State': 'unsubmitted'}, '294': {'State': 'unsubmitted'}, '295': {'State': 'unsubmitted'}, '292': {'State': 'unsubmitted'}, '293': {'State': 'unsubmitted'}, '290': {'State': 'unsubmitted'}, '291': {'State': 'unsubmitted'}, '591': {'State': 'unsubmitted'}, '590': {'State': 'unsubmitted'}, '593': {'State': 'unsubmitted'}, '592': {'State': 'unsubmitted'}, '595': {'State': 'unsubmitted'}, '594': {'State': 'unsubmitted'}, '597': {'State': 'unsubmitted'}, '596': {'State': 'unsubmitted'}, '195': {'State': 'idle'}, '194': {'State': 'idle'}, '197': {'State': 'idle'}, '196': {'State': 'idle'}, '191': {'State': 'idle'}, '190': {'State': 'idle'}, '193': {'State': 'idle'}, '192': {'State': 'idle'}, '270': {'State': 'unsubmitted'}, '271': {'State': 'unsubmitted'}, '272': {'State': 'unsubmitted'}, '273': {'State': 'unsubmitted'}, '274': {'State': 'unsubmitted'}, '275': {'State': 'unsubmitted'}, '276': {'State': 'unsubmitted'}, '277': {'State': 'unsubmitted'}, '278': {'State': 'unsubmitted'}, '279': {'State': 'unsubmitted'}, '569': {'State': 'unsubmitted'}, '497': {'State': 'unsubmitted'}, '524': {'State': 'unsubmitted'}, '525': {'State': 'unsubmitted'}, '526': {'State': 'unsubmitted'}, '527': {'State': 'unsubmitted'}, '520': {'State': 'unsubmitted'}, '521': {'State': 'unsubmitted'}, '522': {'State': 'unsubmitted'}, '523': {'State': 'unsubmitted'}, '528': {'State': 'unsubmitted'}, '529': {'State': 'unsubmitted'}, '449': {'State': 'unsubmitted'}, '448': {'State': 'unsubmitted'}, '443': {'State': 'unsubmitted'}, '442': {'State': 'unsubmitted'}, '441': {'State': 'unsubmitted'}, '440': {'State': 'unsubmitted'}, '447': {'State': 'unsubmitted'}, '446': {'State': 'unsubmitted'}, '445': {'State': 'unsubmitted'}, '444': {'State': 'unsubmitted'}, '47': {'State': 'idle'}, '108': {'State': 'idle'}, '109': {'State': 'idle'}, '102': {'State': 'idle'}, '103': {'State': 'idle'}, '100': {'State': 'idle'}, '101': {'State': 'idle'}, '106': {'State': 'idle'}, '107': {'State': 'idle'}, '104': {'State': 'idle'}, '105': {'State': 'idle'}, '902': {'State': 'unsubmitted'}, '903': {'State': 'unsubmitted'}, '39': {'State': 'idle'}, '38': {'State': 'idle'}, '906': {'State': 'unsubmitted'}, '907': {'State': 'unsubmitted'}, '904': {'State': 'unsubmitted'}, '905': {'State': 'unsubmitted'}, '33': {'State': 'idle'}, '32': {'State': 'idle'}, '31': {'State': 'idle'}, '30': {'State': 'idle'}, '37': {'State': 'idle'}, '36': {'State': 'idle'}, '35': {'State': 'idle'}, '34': {'State': 'idle'}, '641': {'State': 'unsubmitted'}, '640': {'State': 'unsubmitted'}, '643': {'State': 'unsubmitted'}, '642': {'State': 'unsubmitted'}, '645': {'State': 'unsubmitted'}, '644': {'State': 'unsubmitted'}, '438': {'State': 'unsubmitted'}, '439': {'State': 'unsubmitted'}, '436': {'State': 'unsubmitted'}, '437': {'State': 'unsubmitted'}, '434': {'State': 'unsubmitted'}, '435': {'State': 'unsubmitted'}, '432': {'State': 'unsubmitted'}, '433': {'State': 'unsubmitted'}, '430': {'State': 'unsubmitted'}, '431': {'State': 'unsubmitted'}, '826': {'State': 'unsubmitted'}, '339': {'State': 'unsubmitted'}, '338': {'State': 'unsubmitted'}, '335': {'State': 'unsubmitted'}, '334': {'State': 'unsubmitted'}, '337': {'State': 'unsubmitted'}, '336': {'State': 'unsubmitted'}, '331': {'State': 'unsubmitted'}, '330': {'State': 'unsubmitted'}, '333': {'State': 'unsubmitted'}, '332': {'State': 'unsubmitted'}, '559': {'State': 'unsubmitted'}, '745': {'State': 'unsubmitted'}, '854': {'State': 'unsubmitted'}, '818': {'State': 'unsubmitted'}, '856': {'State': 'unsubmitted'}, '857': {'State': 'unsubmitted'}, '850': {'State': 'unsubmitted'}, '851': {'State': 'unsubmitted'}, '852': {'State': 'unsubmitted'}, '819': {'State': 'unsubmitted'}, '858': {'State': 'unsubmitted'}, '859': {'State': 'unsubmitted'}, '748': {'State': 'unsubmitted'}, '6': {'State': 'idle'}, '43': {'State': 'idle'}, '99': {'State': 'idle'}, '98': {'State': 'idle'}, '91': {'State': 'idle'}, '90': {'State': 'idle'}, '93': {'State': 'idle'}, '92': {'State': 'idle'}, '95': {'State': 'running'}, '94': {'State': 'idle'}, '97': {'State': 'idle'}, '96': {'State': 'idle'}, '814': {'State': 'unsubmitted'}, '815': {'State': 'unsubmitted'}, '153': {'State': 'idle'}, '740': {'State': 'unsubmitted'}, '741': {'State': 'unsubmitted'}, '742': {'State': 'unsubmitted'}, '743': {'State': 'unsubmitted'}, '744': {'State': 'unsubmitted'}, '558': {'State': 'unsubmitted'}, '746': {'State': 'unsubmitted'}, '747': {'State': 'unsubmitted'}, '555': {'State': 'unsubmitted'}, '554': {'State': 'unsubmitted'}, '557': {'State': 'unsubmitted'}, '556': {'State': 'unsubmitted'}, '551': {'State': 'unsubmitted'}, '550': {'State': 'unsubmitted'}, '553': {'State': 'unsubmitted'}, '552': {'State': 'unsubmitted'}, '238': {'State': 'unsubmitted'}, '239': {'State': 'unsubmitted'}, '234': {'State': 'unsubmitted'}, '235': {'State': 'unsubmitted'}, '236': {'State': 'unsubmitted'}, '237': {'State': 'unsubmitted'}, '230': {'State': 'unsubmitted'}, '231': {'State': 'unsubmitted'}, '232': {'State': 'unsubmitted'}, '233': {'State': 'unsubmitted'}, '1': {'State': 'idle'}, '155': {'State': 'idle'}, '146': {'State': 'idle'}, '147': {'State': 'idle'}, '618': {'State': 'unsubmitted'}, '145': {'State': 'idle'}, '142': {'State': 'idle'}, '143': {'State': 'idle'}, '140': {'State': 'idle'}, '141': {'State': 'idle'}, '612': {'State': 'unsubmitted'}, '613': {'State': 'unsubmitted'}, '610': {'State': 'unsubmitted'}, '611': {'State': 'unsubmitted'}, '616': {'State': 'unsubmitted'}, '617': {'State': 'unsubmitted'}, '148': {'State': 'idle'}, '149': {'State': 'idle'}, '46': {'State': 'idle'}, '154': {'State': 'idle'}, '948': {'State': 'unsubmitted'}, '949': {'State': 'unsubmitted'}, '946': {'State': 'unsubmitted'}, '947': {'State': 'unsubmitted'}, '944': {'State': 'unsubmitted'}, '945': {'State': 'unsubmitted'}, '942': {'State': 'unsubmitted'}, '943': {'State': 'unsubmitted'}, '940': {'State': 'unsubmitted'}, '941': {'State': 'unsubmitted'}, '689': {'State': 'unsubmitted'}, '688': {'State': 'unsubmitted'}, '685': {'State': 'unsubmitted'}, '684': {'State': 'unsubmitted'}, '687': {'State': 'unsubmitted'}, '686': {'State': 'unsubmitted'}, '681': {'State': 'unsubmitted'}, '680': {'State': 'unsubmitted'}, '683': {'State': 'unsubmitted'}, '682': {'State': 'unsubmitted'}, '458': {'State': 'unsubmitted'}, '459': {'State': 'unsubmitted'}, '133': {'State': 'idle'}, '132': {'State': 'idle'}, '131': {'State': 'idle'}, '130': {'State': 'idle'}, '137': {'State': 'idle'}, '136': {'State': 'idle'}, '135': {'State': 'idle'}, '134': {'State': 'idle'}, '494': {'State': 'unsubmitted'}, '495': {'State': 'unsubmitted'}, '139': {'State': 'idle'}, '138': {'State': 'idle'}, '490': {'State': 'unsubmitted'}, '491': {'State': 'unsubmitted'}, '492': {'State': 'unsubmitted'}, '493': {'State': 'unsubmitted'}, '24': {'State': 'idle'}, '25': {'State': 'idle'}, '26': {'State': 'idle'}, '27': {'State': 'idle'}, '20': {'State': 'idle'}, '21': {'State': 'idle'}, '22': {'State': 'idle'}, '23': {'State': 'idle'}, '28': {'State': 'idle'}, '29': {'State': 'idle'}, '820': {'State': 'unsubmitted'}, '407': {'State': 'unsubmitted'}, '406': {'State': 'unsubmitted'}, '405': {'State': 'unsubmitted'}, '404': {'State': 'unsubmitted'}, '403': {'State': 'unsubmitted'}, '402': {'State': 'unsubmitted'}, '401': {'State': 'unsubmitted'}, '400': {'State': 'unsubmitted'}, '933': {'State': 'unsubmitted'}, '932': {'State': 'unsubmitted'}, '931': {'State': 'unsubmitted'}, '930': {'State': 'unsubmitted'}, '937': {'State': 'unsubmitted'}, '452': {'State': 'unsubmitted'}, '409': {'State': 'unsubmitted'}, '408': {'State': 'unsubmitted'}, '453': {'State': 'unsubmitted'}, '414': {'State': 'unsubmitted'}, '183': {'State': 'idle'}, '415': {'State': 'unsubmitted'}, '379': {'State': 'unsubmitted'}, '378': {'State': 'unsubmitted'}, '228': {'State': 'unsubmitted'}, '829': {'State': 'unsubmitted'}, '828': {'State': 'unsubmitted'}, '371': {'State': 'unsubmitted'}, '370': {'State': 'unsubmitted'}, '373': {'State': 'unsubmitted'}, '372': {'State': 'unsubmitted'}, '375': {'State': 'unsubmitted'}, '374': {'State': 'unsubmitted'}, '377': {'State': 'unsubmitted'}, '376': {'State': 'unsubmitted'}, '708': {'State': 'unsubmitted'}, '709': {'State': 'unsubmitted'}, '704': {'State': 'unsubmitted'}, '705': {'State': 'unsubmitted'}, '706': {'State': 'unsubmitted'}, '707': {'State': 'unsubmitted'}, '700': {'State': 'unsubmitted'}, '144': {'State': 'idle'}, '702': {'State': 'unsubmitted'}, '703': {'State': 'unsubmitted'}, '393': {'State': 'unsubmitted'}, '392': {'State': 'unsubmitted'}, '88': {'State': 'idle'}, '89': {'State': 'idle'}, '397': {'State': 'unsubmitted'}, '396': {'State': 'unsubmitted'}, '395': {'State': 'unsubmitted'}, '394': {'State': 'unsubmitted'}, '82': {'State': 'idle'}, '83': {'State': 'idle'}, '80': {'State': 'idle'}, '81': {'State': 'idle'}, '86': {'State': 'idle'}, '87': {'State': 'idle'}, '84': {'State': 'idle'}, '85': {'State': 'idle'}, '797': {'State': 'unsubmitted'}, '796': {'State': 'unsubmitted'}, '795': {'State': 'unsubmitted'}, '794': {'State': 'unsubmitted'}, '793': {'State': 'unsubmitted'}, '792': {'State': 'unsubmitted'}, '791': {'State': 'unsubmitted'}, '790': {'State': 'unsubmitted'}, '749': {'State': 'unsubmitted'}, '799': {'State': 'unsubmitted'}, '798': {'State': 'unsubmitted'}, '7': {'State': 'idle'}, '170': {'State': 'idle'}, '586': {'State': 'unsubmitted'}, '587': {'State': 'unsubmitted'}, '584': {'State': 'unsubmitted'}, '585': {'State': 'unsubmitted'}, '582': {'State': 'unsubmitted'}, '583': {'State': 'unsubmitted'}, '580': {'State': 'unsubmitted'}, '581': {'State': 'unsubmitted'}, '588': {'State': 'unsubmitted'}, '589': {'State': 'unsubmitted'}, '245': {'State': 'unsubmitted'}, '244': {'State': 'unsubmitted'}, '247': {'State': 'unsubmitted'}, '246': {'State': 'unsubmitted'}, '241': {'State': 'unsubmitted'}, '614': {'State': 'unsubmitted'}, '243': {'State': 'unsubmitted'}, '242': {'State': 'unsubmitted'}, '615': {'State': 'unsubmitted'}, '249': {'State': 'unsubmitted'}, '248': {'State': 'unsubmitted'}, '418': {'State': 'unsubmitted'}, '224': {'State': 'unsubmitted'}, '419': {'State': 'unsubmitted'}, '519': {'State': 'unsubmitted'}, '518': {'State': 'unsubmitted'}, '511': {'State': 'unsubmitted'}, '510': {'State': 'unsubmitted'}, '513': {'State': 'unsubmitted'}, '512': {'State': 'unsubmitted'}, '515': {'State': 'unsubmitted'}, '514': {'State': 'unsubmitted'}, '517': {'State': 'unsubmitted'}, '1000': {'State': 'unsubmitted'}, '623': {'State': 'unsubmitted'}, '622': {'State': 'unsubmitted'}, '621': {'State': 'unsubmitted'}, '620': {'State': 'unsubmitted'}, '627': {'State': 'unsubmitted'}, '626': {'State': 'unsubmitted'}, '625': {'State': 'unsubmitted'}, '624': {'State': 'unsubmitted'}, '450': {'State': 'unsubmitted'}, '451': {'State': 'unsubmitted'}, '629': {'State': 'unsubmitted'}, '628': {'State': 'unsubmitted'}, '454': {'State': 'unsubmitted'}, '455': {'State': 'unsubmitted'}, '456': {'State': 'unsubmitted'}, '457': {'State': 'unsubmitted'}, '179': {'State': 'idle'}, '178': {'State': 'idle'}, '177': {'State': 'idle'}, '199': {'State': 'idle'}, '175': {'State': 'idle'}, '174': {'State': 'idle'}, '173': {'State': 'idle'}, '172': {'State': 'idle'}, '171': {'State': 'idle'}, '198': {'State': 'idle'}, '977': {'State': 'unsubmitted'}, '182': {'State': 'idle'}, '975': {'State': 'unsubmitted'}, '974': {'State': 'unsubmitted'}, '973': {'State': 'unsubmitted'}, '972': {'State': 'unsubmitted'}, '971': {'State': 'unsubmitted'}, '970': {'State': 'unsubmitted'}, '180': {'State': 'idle'}, '979': {'State': 'unsubmitted'}, '978': {'State': 'unsubmitted'}, '656': {'State': 'unsubmitted'}, '599': {'State': 'unsubmitted'}, '654': {'State': 'unsubmitted'}, '181': {'State': 'idle'}, '186': {'State': 'idle'}, '187': {'State': 'idle'}, '184': {'State': 'idle'}, '185': {'State': 'idle'}, '652': {'State': 'unsubmitted'}, '188': {'State': 'idle'}, '189': {'State': 'idle'}, '658': {'State': 'unsubmitted'}, '516': {'State': 'unsubmitted'}, '650': {'State': 'unsubmitted'}, '651': {'State': 'unsubmitted'}, '11': {'State': 'running'}, '10': {'State': 'idle'}, '13': {'State': 'idle'}, '12': {'State': 'idle'}, '15': {'State': 'idle'}, '14': {'State': 'idle'}, '17': {'State': 'idle'}, '16': {'State': 'idle'}, '19': {'State': 'idle'}, '18': {'State': 'idle'}, '863': {'State': 'unsubmitted'}, '862': {'State': 'unsubmitted'}, '865': {'State': 'unsubmitted'}, '864': {'State': 'unsubmitted'}, '867': {'State': 'unsubmitted'}, '866': {'State': 'unsubmitted'}, '354': {'State': 'unsubmitted'}, '659': {'State': 'unsubmitted'}, '44': {'State': 'idle'}, '883': {'State': 'unsubmitted'}, '882': {'State': 'unsubmitted'}, '881': {'State': 'unsubmitted'}, '880': {'State': 'unsubmitted'}, '887': {'State': 'unsubmitted'}, '886': {'State': 'unsubmitted'}, '885': {'State': 'unsubmitted'}, '884': {'State': 'unsubmitted'}, '889': {'State': 'unsubmitted'}, '888': {'State': 'unsubmitted'}, '116': {'State': 'idle'}, '45': {'State': 'idle'}, '657': {'State': 'unsubmitted'}, '355': {'State': 'unsubmitted'}, '322': {'State': 'unsubmitted'}, '323': {'State': 'unsubmitted'}, '320': {'State': 'unsubmitted'}, '321': {'State': 'unsubmitted'}, '326': {'State': 'unsubmitted'}, '327': {'State': 'unsubmitted'}, '324': {'State': 'unsubmitted'}, '325': {'State': 'unsubmitted'}, '328': {'State': 'unsubmitted'}, '329': {'State': 'unsubmitted'}, '562': {'State': 'unsubmitted'}, '201': {'State': 'unsubmitted'}, '200': {'State': 'idle'}, '203': {'State': 'unsubmitted'}, '202': {'State': 'unsubmitted'}, '205': {'State': 'unsubmitted'}, '204': {'State': 'unsubmitted'}, '207': {'State': 'unsubmitted'}, '206': {'State': 'unsubmitted'}, '209': {'State': 'unsubmitted'}, '208': {'State': 'unsubmitted'}, '779': {'State': 'unsubmitted'}, '778': {'State': 'unsubmitted'}, '77': {'State': 'idle'}, '76': {'State': 'idle'}, '75': {'State': 'idle'}, '74': {'State': 'idle'}, '73': {'State': 'idle'}, '72': {'State': 'idle'}, '71': {'State': 'idle'}, '70': {'State': 'idle'}, '655': {'State': 'unsubmitted'}, '567': {'State': 'unsubmitted'}, '79': {'State': 'idle'}, '78': {'State': 'idle'}, '869': {'State': 'unsubmitted'}, '359': {'State': 'unsubmitted'}, '358': {'State': 'unsubmitted'}, '868': {'State': 'unsubmitted'}, '669': {'State': 'unsubmitted'}, '668': {'State': 'unsubmitted'}, '667': {'State': 'unsubmitted'}, '666': {'State': 'unsubmitted'}, '665': {'State': 'unsubmitted'}, '664': {'State': 'unsubmitted'}, '663': {'State': 'unsubmitted'}, '662': {'State': 'unsubmitted'}, '661': {'State': 'unsubmitted'}, '660': {'State': 'unsubmitted'}, '215': {'State': 'unsubmitted'}, '653': {'State': 'unsubmitted'}, '692': {'State': 'unsubmitted'}, '693': {'State': 'unsubmitted'}, '690': {'State': 'unsubmitted'}, '691': {'State': 'unsubmitted'}, '696': {'State': 'unsubmitted'}, '697': {'State': 'unsubmitted'}, '694': {'State': 'unsubmitted'}, '695': {'State': 'unsubmitted'}, '698': {'State': 'unsubmitted'}, '699': {'State': 'unsubmitted'}, '542': {'State': 'unsubmitted'}, '543': {'State': 'unsubmitted'}, '540': {'State': 'unsubmitted'}, '541': {'State': 'unsubmitted'}, '546': {'State': 'unsubmitted'}, '547': {'State': 'unsubmitted'}, '544': {'State': 'unsubmitted'}, '545': {'State': 'unsubmitted'}, '8': {'State': 'idle'}, '548': {'State': 'unsubmitted'}, '549': {'State': 'unsubmitted'}, '598': {'State': 'unsubmitted'}, '995': {'State': 'unsubmitted'}, '994': {'State': 'unsubmitted'}, '997': {'State': 'unsubmitted'}, '996': {'State': 'unsubmitted'}, '991': {'State': 'unsubmitted'}, '990': {'State': 'unsubmitted'}, '993': {'State': 'unsubmitted'}, '992': {'State': 'unsubmitted'}, '999': {'State': 'unsubmitted'}, '998': {'State': 'unsubmitted'}, '120': {'State': 'idle'}, '121': {'State': 'idle'}, '122': {'State': 'idle'}, '123': {'State': 'idle'}, '124': {'State': 'idle'}, '125': {'State': 'idle'}, '126': {'State': 'idle'}, '127': {'State': 'idle'}, '128': {'State': 'idle'}, '2': {'State': 'idle'}, '219': {'State': 'unsubmitted'}, '176': {'State': 'idle'}, '214': {'State': 'unsubmitted'}, '777': {'State': 'unsubmitted'}, '563': {'State': 'unsubmitted'}, '928': {'State': 'unsubmitted'}, '929': {'State': 'unsubmitted'}, '416': {'State': 'unsubmitted'}, '417': {'State': 'unsubmitted'}, '410': {'State': 'unsubmitted'}, '411': {'State': 'unsubmitted'}, '412': {'State': 'unsubmitted'}, '413': {'State': 'unsubmitted'}, '920': {'State': 'unsubmitted'}, '498': {'State': 'unsubmitted'}, '922': {'State': 'unsubmitted'}, '923': {'State': 'unsubmitted'}, '924': {'State': 'unsubmitted'}, '925': {'State': 'unsubmitted'}, '926': {'State': 'unsubmitted'}, '927': {'State': 'unsubmitted'}, '319': {'State': 'unsubmitted'}, '318': {'State': 'unsubmitted'}, '313': {'State': 'unsubmitted'}, '312': {'State': 'unsubmitted'}, '311': {'State': 'unsubmitted'}, '310': {'State': 'unsubmitted'}, '317': {'State': 'unsubmitted'}, '316': {'State': 'unsubmitted'}, '315': {'State': 'unsubmitted'}, '314': {'State': 'unsubmitted'}, '921': {'State': 'unsubmitted'}, '496': {'State': 'unsubmitted'}, '832': {'State': 'unsubmitted'}, '833': {'State': 'unsubmitted'}, '830': {'State': 'unsubmitted'}, '831': {'State': 'unsubmitted'}, '836': {'State': 'unsubmitted'}, '837': {'State': 'unsubmitted'}, '834': {'State': 'unsubmitted'}, '835': {'State': 'unsubmitted'}, '838': {'State': 'unsubmitted'}, '839': {'State': 'unsubmitted'}, '3': {'State': 'idle'}, '368': {'State': 'unsubmitted'}, '369': {'State': 'unsubmitted'}, '366': {'State': 'unsubmitted'}, '367': {'State': 'unsubmitted'}, '364': {'State': 'unsubmitted'}, '365': {'State': 'unsubmitted'}, '362': {'State': 'unsubmitted'}, '363': {'State': 'unsubmitted'}, '360': {'State': 'unsubmitted'}, '361': {'State': 'unsubmitted'}, '218': {'State': 'unsubmitted'}, '380': {'State': 'unsubmitted'}, '861': {'State': 'unsubmitted'}, '382': {'State': 'unsubmitted'}, '383': {'State': 'unsubmitted'}, '384': {'State': 'unsubmitted'}, '385': {'State': 'unsubmitted'}, '386': {'State': 'unsubmitted'}, '387': {'State': 'unsubmitted'}, '388': {'State': 'unsubmitted'}, '389': {'State': 'unsubmitted'}, '784': {'State': 'unsubmitted'}, '785': {'State': 'unsubmitted'}, '786': {'State': 'unsubmitted'}, '787': {'State': 'unsubmitted'}, '780': {'State': 'unsubmitted'}, '781': {'State': 'unsubmitted'}, '782': {'State': 'unsubmitted'}, '381': {'State': 'unsubmitted'}, '788': {'State': 'unsubmitted'}, '789': {'State': 'unsubmitted'}, '860': {'State': 'unsubmitted'}, '151': {'State': 'idle'}, '579': {'State': 'unsubmitted'}, '578': {'State': 'unsubmitted'}, '150': {'State': 'idle'}, '573': {'State': 'unsubmitted'}, '572': {'State': 'unsubmitted'}, '571': {'State': 'unsubmitted'}, '570': {'State': 'unsubmitted'}, '577': {'State': 'unsubmitted'}, '576': {'State': 'unsubmitted'}, '575': {'State': 'unsubmitted'}, '574': {'State': 'unsubmitted'}, '60': {'State': 'idle'}, '61': {'State': 'idle'}, '62': {'State': 'idle'}, '259': {'State': 'unsubmitted'}, '64': {'State': 'idle'}, '65': {'State': 'idle'}, '66': {'State': 'idle'}, '67': {'State': 'idle'}, '68': {'State': 'idle'}, '253': {'State': 'unsubmitted'}, '250': {'State': 'unsubmitted'}, '251': {'State': 'unsubmitted'}, '256': {'State': 'unsubmitted'}, '257': {'State': 'unsubmitted'}, '254': {'State': 'unsubmitted'}, '255': {'State': 'unsubmitted'}, '499': {'State': 'unsubmitted'}, '157': {'State': 'idle'}, '156': {'State': 'idle'}, '939': {'State': 'unsubmitted'}, '731': {'State': 'unsubmitted'}, '730': {'State': 'unsubmitted'}, '733': {'State': 'unsubmitted'}, '938': {'State': 'unsubmitted'}, '735': {'State': 'unsubmitted'}, '734': {'State': 'unsubmitted'}, '508': {'State': 'unsubmitted'}, '736': {'State': 'unsubmitted'}, '506': {'State': 'unsubmitted'}, '738': {'State': 'unsubmitted'}, '504': {'State': 'unsubmitted'}, '505': {'State': 'unsubmitted'}, '502': {'State': 'unsubmitted'}, '503': {'State': 'unsubmitted'}, '500': {'State': 'unsubmitted'}, '501': {'State': 'unsubmitted'}, '630': {'State': 'unsubmitted'}, '631': {'State': 'unsubmitted'}, '632': {'State': 'unsubmitted'}, '633': {'State': 'unsubmitted'}, '469': {'State': 'unsubmitted'}, '468': {'State': 'unsubmitted'}, '636': {'State': 'unsubmitted'}, '637': {'State': 'unsubmitted'}, '465': {'State': 'unsubmitted'}, '464': {'State': 'unsubmitted'}, '467': {'State': 'unsubmitted'}, '466': {'State': 'unsubmitted'}, '461': {'State': 'unsubmitted'}, '900': {'State': 'unsubmitted'}, '463': {'State': 'unsubmitted'}, '462': {'State': 'unsubmitted'}, '901': {'State': 'unsubmitted'}, '168': {'State': 'idle'}, '169': {'State': 'idle'}, '164': {'State': 'idle'}, '165': {'State': 'idle'}, '166': {'State': 'idle'}, '167': {'State': 'idle'}, '160': {'State': 'idle'}, '161': {'State': 'idle'}, '162': {'State': 'idle'}, '163': {'State': 'idle'}, '964': {'State': 'unsubmitted'}, '965': {'State': 'unsubmitted'}, '966': {'State': 'unsubmitted'}, '967': {'State': 'unsubmitted'}, '960': {'State': 'unsubmitted'}, '961': {'State': 'unsubmitted'}, '962': {'State': 'unsubmitted'}, '963': {'State': 'unsubmitted'}, '783': {'State': 'unsubmitted'}, '968': {'State': 'unsubmitted'}, '969': {'State': 'unsubmitted'}, '936': {'State': 'unsubmitted'}, '935': {'State': 'unsubmitted'}, '934': {'State': 'unsubmitted'}, '908': {'State': 'unsubmitted'}, '909': {'State': 'unsubmitted'}, '722': {'State': 'unsubmitted'}, '426': {'State': 'unsubmitted'}, '878': {'State': 'unsubmitted'}, '879': {'State': 'unsubmitted'}, '876': {'State': 'unsubmitted'}, '877': {'State': 'unsubmitted'}, '874': {'State': 'unsubmitted'}, '875': {'State': 'unsubmitted'}, '872': {'State': 'unsubmitted'}, '873': {'State': 'unsubmitted'}, '870': {'State': 'unsubmitted'}, '871': {'State': 'unsubmitted'}, '9': {'State': 'idle'}, '890': {'State': 'unsubmitted'}, '891': {'State': 'unsubmitted'}, '892': {'State': 'unsubmitted'}, '893': {'State': 'unsubmitted'}, '894': {'State': 'unsubmitted'}, '647': {'State': 'unsubmitted'}, '896': {'State': 'unsubmitted'}, '897': {'State': 'unsubmitted'}, '898': {'State': 'unsubmitted'}, '899': {'State': 'unsubmitted'}, '646': {'State': 'unsubmitted'}, '649': {'State': 'unsubmitted'}, '648': {'State': 'unsubmitted'}, '357': {'State': 'unsubmitted'}, '356': {'State': 'unsubmitted'}, '809': {'State': 'unsubmitted'}, '808': {'State': 'unsubmitted'}, '353': {'State': 'unsubmitted'}, '352': {'State': 'unsubmitted'}, '351': {'State': 'unsubmitted'}, '350': {'State': 'unsubmitted'}, '803': {'State': 'unsubmitted'}, '802': {'State': 'unsubmitted'}, '801': {'State': 'unsubmitted'}, '800': {'State': 'unsubmitted'}, '807': {'State': 'unsubmitted'}, '806': {'State': 'unsubmitted'}, '805': {'State': 'unsubmitted'}, '804': {'State': 'unsubmitted'}, '216': {'State': 'unsubmitted'}, '217': {'State': 'unsubmitted'}, '768': {'State': 'unsubmitted'}, '769': {'State': 'unsubmitted'}, '212': {'State': 'unsubmitted'}, '213': {'State': 'unsubmitted'}, '210': {'State': 'unsubmitted'}, '211': {'State': 'unsubmitted'}, '762': {'State': 'unsubmitted'}, '763': {'State': 'unsubmitted'}, '760': {'State': 'unsubmitted'}, '761': {'State': 'unsubmitted'}, '766': {'State': 'unsubmitted'}, '767': {'State': 'unsubmitted'}, '764': {'State': 'unsubmitted'}, '765': {'State': 'unsubmitted'}, '40': {'State': 'idle'}, '41': {'State': 'idle'}, '289': {'State': 'unsubmitted'}, '288': {'State': 'unsubmitted'}, '4': {'State': 'idle'}, '281': {'State': 'unsubmitted'}, '280': {'State': 'unsubmitted'}, '283': {'State': 'unsubmitted'}, '282': {'State': 'unsubmitted'}, '285': {'State': 'unsubmitted'}, '284': {'State': 'unsubmitted'}, '287': {'State': 'unsubmitted'}, '286': {'State': 'unsubmitted'}, '678': {'State': 'unsubmitted'}, '679': {'State': 'unsubmitted'}, '674': {'State': 'unsubmitted'}, '675': {'State': 'unsubmitted'}, '676': {'State': 'unsubmitted'}, '677': {'State': 'unsubmitted'}, '670': {'State': 'unsubmitted'}, '671': {'State': 'unsubmitted'}, '672': {'State': 'unsubmitted'}, '673': {'State': 'unsubmitted'}, '263': {'State': 'unsubmitted'}, '262': {'State': 'unsubmitted'}, '261': {'State': 'unsubmitted'}, '260': {'State': 'unsubmitted'}, '267': {'State': 'unsubmitted'}, '266': {'State': 'unsubmitted'}, '265': {'State': 'unsubmitted'}, '264': {'State': 'unsubmitted'}, '269': {'State': 'unsubmitted'}, '268': {'State': 'unsubmitted'}, '59': {'State': 'idle'}, '58': {'State': 'idle'}, '55': {'State': 'idle'}, '54': {'State': 'idle'}, '57': {'State': 'idle'}, '56': {'State': 'idle'}, '51': {'State': 'idle'}, '258': {'State': 'unsubmitted'}, '53': {'State': 'idle'}, '52': {'State': 'idle'}, '537': {'State': 'unsubmitted'}, '536': {'State': 'unsubmitted'}, '535': {'State': 'unsubmitted'}, '63': {'State': 'running'}, '533': {'State': 'unsubmitted'}, '532': {'State': 'unsubmitted'}, '531': {'State': 'unsubmitted'}, '530': {'State': 'unsubmitted'}, '152': {'State': 'idle'}, '539': {'State': 'unsubmitted'}, '538': {'State': 'unsubmitted'}, '775': {'State': 'unsubmitted'}, '988': {'State': 'unsubmitted'}, '989': {'State': 'unsubmitted'}, '774': {'State': 'unsubmitted'}, '982': {'State': 'unsubmitted'}, '983': {'State': 'unsubmitted'}, '980': {'State': 'unsubmitted'}, '981': {'State': 'unsubmitted'}, '986': {'State': 'unsubmitted'}, '987': {'State': 'unsubmitted'}, '984': {'State': 'unsubmitted'}, '50': {'State': 'idle'}, '115': {'State': 'idle'}, '252': {'State': 'unsubmitted'}, '117': {'State': 'idle'}, '776': {'State': 'unsubmitted'}, '111': {'State': 'idle'}, '110': {'State': 'idle'}, '113': {'State': 'idle'}, '69': {'State': 'idle'}, '771': {'State': 'unsubmitted'}, '119': {'State': 'idle'}, '118': {'State': 'idle'}, '770': {'State': 'unsubmitted'}, '773': {'State': 'unsubmitted'}, '772': {'State': 'unsubmitted'}, '429': {'State': 'unsubmitted'}, '428': {'State': 'unsubmitted'}, '534': {'State': 'unsubmitted'}, '919': {'State': 'unsubmitted'}, '918': {'State': 'unsubmitted'}, '915': {'State': 'unsubmitted'}, '914': {'State': 'unsubmitted'}, '917': {'State': 'unsubmitted'}, '916': {'State': 'unsubmitted'}, '911': {'State': 'unsubmitted'}, '910': {'State': 'unsubmitted'}, '913': {'State': 'unsubmitted'}, '912': {'State': 'unsubmitted'}, '308': {'State': 'unsubmitted'}, '309': {'State': 'unsubmitted'}, '855': {'State': 'unsubmitted'}, '300': {'State': 'unsubmitted'}, '301': {'State': 'unsubmitted'}, '302': {'State': 'unsubmitted'}, '303': {'State': 'unsubmitted'}, '304': {'State': 'unsubmitted'}, '305': {'State': 'unsubmitted'}, '306': {'State': 'unsubmitted'}, '307': {'State': 'unsubmitted'}, '895': {'State': 'unsubmitted'}, '825': {'State': 'unsubmitted'}, '824': {'State': 'unsubmitted'}, '827': {'State': 'unsubmitted'}, '847': {'State': 'unsubmitted'}, '846': {'State': 'unsubmitted'}, '845': {'State': 'unsubmitted'}, '844': {'State': 'unsubmitted'}, '843': {'State': 'unsubmitted'}, '842': {'State': 'unsubmitted'}, '841': {'State': 'unsubmitted'}, '840': {'State': 'unsubmitted'}, '821': {'State': 'unsubmitted'}, '853': {'State': 'unsubmitted'}, '849': {'State': 'unsubmitted'}, '848': {'State': 'unsubmitted'}, '823': {'State': 'unsubmitted'}, '822': {'State': 'unsubmitted'}, '240': {'State': 'unsubmitted'}, '390': {'State': 'unsubmitted'}, '732': {'State': 'unsubmitted'}, '753': {'State': 'unsubmitted'}, '752': {'State': 'unsubmitted'}, '751': {'State': 'unsubmitted'}, '750': {'State': 'unsubmitted'}, '757': {'State': 'unsubmitted'}, '756': {'State': 'unsubmitted'}, '755': {'State': 'unsubmitted'}, '754': {'State': 'unsubmitted'}, '560': {'State': 'unsubmitted'}, '561': {'State': 'unsubmitted'}, '759': {'State': 'unsubmitted'}, '758': {'State': 'unsubmitted'}, '564': {'State': 'unsubmitted'}, '565': {'State': 'unsubmitted'}, '566': {'State': 'unsubmitted'}, '701': {'State': 'unsubmitted'}, '739': {'State': 'unsubmitted'}, '229': {'State': 'unsubmitted'}, '507': {'State': 'unsubmitted'}, '227': {'State': 'unsubmitted'}, '226': {'State': 'unsubmitted'}, '225': {'State': 'unsubmitted'}, '985': {'State': 'unsubmitted'}, '223': {'State': 'unsubmitted'}, '222': {'State': 'unsubmitted'}, '221': {'State': 'unsubmitted'}, '220': {'State': 'unsubmitted'}, '114': {'State': 'idle'}, '391': {'State': 'unsubmitted'}, '726': {'State': 'unsubmitted'}, '727': {'State': 'unsubmitted'}, '724': {'State': 'unsubmitted'}, '725': {'State': 'unsubmitted'}, '568': {'State': 'unsubmitted'}, '723': {'State': 'unsubmitted'}, '720': {'State': 'unsubmitted'}, '721': {'State': 'unsubmitted'}, '728': {'State': 'unsubmitted'}, '729': {'State': 'unsubmitted'}, '605': {'State': 'unsubmitted'}, '604': {'State': 'unsubmitted'}, '607': {'State': 'unsubmitted'}, '606': {'State': 'unsubmitted'}, '601': {'State': 'unsubmitted'}, '600': {'State': 'unsubmitted'}, '603': {'State': 'unsubmitted'}, '602': {'State': 'unsubmitted'}, '159': {'State': 'idle'}, '158': {'State': 'idle'}, '112': {'State': 'idle'}, '609': {'State': 'unsubmitted'}, '608': {'State': 'unsubmitted'}, '976': {'State': 'unsubmitted'}, '634': {'State': 'unsubmitted'}, '399': {'State': 'unsubmitted'}, '635': {'State': 'unsubmitted'}, '959': {'State': 'unsubmitted'}, '958': {'State': 'unsubmitted'}, '398': {'State': 'unsubmitted'}, '48': {'State': 'idle'}, '49': {'State': 'idle'}, '951': {'State': 'unsubmitted'}, '950': {'State': 'unsubmitted'}, '953': {'State': 'unsubmitted'}, '952': {'State': 'unsubmitted'}, '42': {'State': 'idle'}, '954': {'State': 'unsubmitted'}, '957': {'State': 'unsubmitted'}, '956': {'State': 'unsubmitted'}, '638': {'State': 'unsubmitted'}, '5': {'State': 'idle'}, '639': {'State': 'unsubmitted'}, '460': {'State': 'unsubmitted'}, '489': {'State': 'unsubmitted'}, '488': {'State': 'unsubmitted'}, '487': {'State': 'unsubmitted'}, '486': {'State': 'unsubmitted'}, '485': {'State': 'unsubmitted'}, '484': {'State': 'unsubmitted'}, '483': {'State': 'unsubmitted'}, '482': {'State': 'unsubmitted'}, '481': {'State': 'unsubmitted'}, '480': {'State': 'unsubmitted'}, '509': {'State': 'unsubmitted'}, '955': {'State': 'unsubmitted'}, '472': {'State': 'unsubmitted'}, '473': {'State': 'unsubmitted'}, '470': {'State': 'unsubmitted'}, '471': {'State': 'unsubmitted'}, '476': {'State': 'unsubmitted'}, '477': {'State': 'unsubmitted'}, '474': {'State': 'unsubmitted'}, '475': {'State': 'unsubmitted'}, '478': {'State': 'unsubmitted'}, '479': {'State': 'unsubmitted'}}, 'jobdefErrors': [], 'outdatasets': [], 'pool': {}}
INFO 2014-10-28 16:34:58,676: 	 Task name:			141028_153131_crab3test-1:lecriste_crab_20141028_163101
INFO 2014-10-28 16:34:58,676: 	 Task status:			KILLED
INFO 2014-10-28 16:34:58,676: 	 Glidemon monitoring URL:	http://glidemon.web.cern.ch/glidemon/jobs.php?taskname=141028_153131_crab3test-1%3Alecriste_crab_20141028_163101
INFO 2014-10-28 16:34:58,676: 	 Dashboard monitoring URL:	http://dashb-cms-job.cern.ch/dashboard/templates/task-analysis/#user=lecriste&refresh=0&table=Jobs&p=1&records=25&activemenu=2&status=&site=&tid=141028_153131_crab3test-1%3Alecriste_crab_20141028_163101
INFO 2014-10-28 16:34:58,677: 	 Details:			idle           19.7% ( 197/1000)
INFO 2014-10-28 16:34:58,677: 	 				running         0.3% (   3/1000)
INFO 2014-10-28 16:34:58,677: 	 				unsubmitted    80.0% ( 800/1000)
INFO 2014-10-28 16:34:58,677: 	 
ERROR 2014-10-28 16:34:58,677: 	 No publication information available yet
