DEBUG 2014-10-28 12:43:25,154: 	 Executing command: 'submit'
DEBUG 2014-10-28 12:43:25,180: 	 Could not find /cmshome/cristella/.crab3 file; creating a new one
DEBUG 2014-10-28 12:43:25,235: 	 Checking credentials
DEBUG 2014-10-28 12:43:25,235: 	 Proxy file /tmp/x509up_u50855 not found
DEBUG 2014-10-28 12:43:25,235: 	 Creating proxy for 24:00 hours with VO role 'NULL' and VO group ''
DEBUG 2014-10-28 12:46:05,887: 	 Executing : 
 command : voms-proxy-init -voms cms:/cms -valid 24:00 -rfc
 output : None
 error: None
 retcode : 0
DEBUG 2014-10-28 12:46:06,591: 	 Executing : 
 command : voms-proxy-info -file /tmp/x509up_u50855 -timeleft
 output : 86398

 error: 
 retcode : 0
DEBUG 2014-10-28 12:46:07,195: 	 Executing : 
 command : voms-proxy-info -file /tmp/x509up_u50855 -actimeleft
 output : 86397

 error: 
 retcode : 0
DEBUG 2014-10-28 12:46:07,900: 	 Executing : 
 command : env X509_USER_PROXY=/tmp/x509up_u50855 voms-proxy-info -fqan
 output : /cms/Role=NULL/Capability=NULL

 error: 
 retcode : 0
DEBUG 2014-10-28 12:46:07,900: 	 Proxy created
INFO 2014-10-28 12:46:07,901: 	 Will use configuration file crabConfig.py
DEBUG 2014-10-28 12:46:07,901: 	 Loading configuration
ERROR 2014-10-28 12:46:08,025: 	 Configuration syntax error:
name 'T2_IT_Bari' is not defined
See the ./crab.log file for more details
ERROR 2014-10-28 12:46:08,025: 	 Caught exception
Traceback (most recent call last):
  File "/cvmfs/cms.cern.ch/crab3/slc5_amd64_gcc461/cms/crabclient/3.3.10/bin/crab", line 179, in <module>
    client()
  File "/cvmfs/cms.cern.ch/crab3/slc5_amd64_gcc461/cms/crabclient/3.3.10/bin/crab", line 164, in __call__
    self.cmd = sub_cmd(self.logger, args[1:])
  File "/cvmfs/cms.cern.ch/crab3/slc5_amd64_gcc461/cms/crabclient/3.3.10/lib/python2.6/site-packages/CRABClient/Commands/submit.py", line 39, in __init__
    SubCommand.__init__(self, logger, cmdargs, disable_interspersed_args = True)
  File "/cvmfs/cms.cern.ch/crab3/slc5_amd64_gcc461/cms/crabclient/3.3.10/lib/python2.6/site-packages/CRABClient/Commands/SubCommand.py", line 217, in __init__
    self.loadConfig(self.options.config, self.args)
  File "/cvmfs/cms.cern.ch/crab3/slc5_amd64_gcc461/cms/crabclient/3.3.10/lib/python2.6/site-packages/CRABClient/Commands/SubCommand.py", line 78, in loadConfig
    raise ConfigurationException("Configuration syntax error:\n%s\nSee the ./crab.log file for more details" % msg)
ConfigurationException: Configuration syntax error:
name 'T2_IT_Bari' is not defined
See the ./crab.log file for more details
DEBUG 2014-10-28 12:46:49,702: 	 Executing command: 'submit'
DEBUG 2014-10-28 12:46:49,704: 	 Found /cmshome/cristella/.crab3 file
